10:47:19,797 INFO  [ModuleDeployer] Deploying module: metadataExchange-1.6.2 - file:/Users/giannidamico/Documents/Cours/INSA/5ISS/Architecture_De_Service/Softwares/apache-tomcat-7.0-for-BPEL.82/webapps/ode/WEB-INF/modules/mex-1.6.2.mar
10:47:19,811 INFO  [ModuleDeployer] Deploying module: rampart-1.6.2 - file:/Users/giannidamico/Documents/Cours/INSA/5ISS/Architecture_De_Service/Softwares/apache-tomcat-7.0-for-BPEL.82/webapps/ode/WEB-INF/modules/rampart-1.6.2.mar
10:47:19,818 INFO  [ModuleDeployer] Deploying module: rahas-1.6.2 - file:/Users/giannidamico/Documents/Cours/INSA/5ISS/Architecture_De_Service/Softwares/apache-tomcat-7.0-for-BPEL.82/webapps/ode/WEB-INF/modules/rahas-1.6.2.mar
10:47:19,847 INFO  [ModuleDeployer] Deploying module: addressing-1.6.2 - file:/Users/giannidamico/Documents/Cours/INSA/5ISS/Architecture_De_Service/Softwares/apache-tomcat-7.0-for-BPEL.82/webapps/ode/WEB-INF/modules/addressing-1.6.2.mar
10:47:21,186 INFO  [DeploymentEngine] Deploying Web service: version.aar - file:/Users/giannidamico/Documents/Cours/INSA/5ISS/Architecture_De_Service/Softwares/apache-tomcat-7.0-for-BPEL.82/webapps/ode/WEB-INF/services/version.aar
10:47:21,218 INFO  [EmbeddedGeronimoFactory] Using embedded Geronimo transaction manager
10:47:21,439 INFO  [ODEServer] Using DAO Connection Factory class org.apache.ode.dao.jpa.BPELDAOConnectionFactoryImpl.
10:47:21,439 INFO  [Database] Using DAO Connection Factory class org.apache.ode.dao.jpa.BPELDAOConnectionFactoryImpl.
10:47:21,674 INFO  [DbConfStoreConnectionFactory] ProcessStore initializing transaction manager using org.apache.ode.il.EmbeddedGeronimoFactory
10:47:21,674 INFO  [EmbeddedGeronimoFactory] Using embedded Geronimo transaction manager
10:47:22,015 INFO  [JdbcDelegate] Using database Apache Derby major version 10
10:47:22,017 INFO  [JdbcDelegate] Using database dialect: DERBY
10:47:22,660 INFO  [BpelServerImpl] BPEL Server Started.
10:47:22,663 INFO  [SystemSchedulesConfig] SYSTEM CRON configuration: /Users/giannidamico/Documents/Cours/INSA/5ISS/Architecture_De_Service/Softwares/apache-tomcat-7.0-for-BPEL.82/webapps/ode/WEB-INF/conf/schedules.xml
10:47:33,058 INFO  [DeploymentPoller] Poller started.
10:47:33,059 INFO  [ODEServer] Process deployment polling started on path /Users/giannidamico/Documents/Cours/INSA/5ISS/Architecture_De_Service/Softwares/apache-tomcat-7.0-for-BPEL.82/webapps/ode/WEB-INF/processes.
10:47:33,059 INFO  [ODEServer] ODE Service Engine has been started.
10:47:33,059 INFO  [WatchDog] [/Users/giannidamico/Documents/Cours/INSA/5ISS/Architecture_De_Service/Softwares/apache-tomcat-7.0-for-BPEL.82/webapps/ode/WEB-INF/processes/SimpleBPEL/deploy.xml] updated
10:47:33,060 INFO  [WatchDog] [/Users/giannidamico/Documents/Cours/INSA/5ISS/Architecture_De_Service/Softwares/apache-tomcat-7.0-for-BPEL.82/webapps/ode/WEB-INF/conf/schedules.xml] initialized
10:48:03,095 INFO  [WatchDog] [/Users/giannidamico/Documents/Cours/INSA/5ISS/Architecture_De_Service/Softwares/apache-tomcat-7.0-for-BPEL.82/webapps/ode/WEB-INF/conf/schedules.xml] initialized
10:48:33,122 INFO  [WatchDog] [/Users/giannidamico/Documents/Cours/INSA/5ISS/Architecture_De_Service/Softwares/apache-tomcat-7.0-for-BPEL.82/webapps/ode/WEB-INF/conf/schedules.xml] initialized
10:49:03,146 INFO  [WatchDog] [/Users/giannidamico/Documents/Cours/INSA/5ISS/Architecture_De_Service/Softwares/apache-tomcat-7.0-for-BPEL.82/webapps/ode/WEB-INF/conf/schedules.xml] initialized
10:49:33,174 INFO  [WatchDog] [/Users/giannidamico/Documents/Cours/INSA/5ISS/Architecture_De_Service/Softwares/apache-tomcat-7.0-for-BPEL.82/webapps/ode/WEB-INF/conf/schedules.xml] initialized
10:50:03,206 INFO  [WatchDog] [/Users/giannidamico/Documents/Cours/INSA/5ISS/Architecture_De_Service/Softwares/apache-tomcat-7.0-for-BPEL.82/webapps/ode/WEB-INF/conf/schedules.xml] initialized
10:50:33,233 INFO  [WatchDog] [/Users/giannidamico/Documents/Cours/INSA/5ISS/Architecture_De_Service/Softwares/apache-tomcat-7.0-for-BPEL.82/webapps/ode/WEB-INF/conf/schedules.xml] initialized
10:51:03,290 INFO  [WatchDog] [/Users/giannidamico/Documents/Cours/INSA/5ISS/Architecture_De_Service/Softwares/apache-tomcat-7.0-for-BPEL.82/webapps/ode/WEB-INF/conf/schedules.xml] initialized
11:04:45,721 INFO  [WatchDog] [/Users/giannidamico/Documents/Cours/INSA/5ISS/Architecture_De_Service/Softwares/apache-tomcat-7.0-for-BPEL.82/webapps/ode/WEB-INF/conf/schedules.xml] initialized
11:05:15,752 INFO  [WatchDog] [/Users/giannidamico/Documents/Cours/INSA/5ISS/Architecture_De_Service/Softwares/apache-tomcat-7.0-for-BPEL.82/webapps/ode/WEB-INF/conf/schedules.xml] initialized
11:05:45,777 INFO  [WatchDog] [/Users/giannidamico/Documents/Cours/INSA/5ISS/Architecture_De_Service/Softwares/apache-tomcat-7.0-for-BPEL.82/webapps/ode/WEB-INF/conf/schedules.xml] initialized
11:06:15,800 INFO  [WatchDog] [/Users/giannidamico/Documents/Cours/INSA/5ISS/Architecture_De_Service/Softwares/apache-tomcat-7.0-for-BPEL.82/webapps/ode/WEB-INF/conf/schedules.xml] initialized
11:06:45,834 INFO  [WatchDog] [/Users/giannidamico/Documents/Cours/INSA/5ISS/Architecture_De_Service/Softwares/apache-tomcat-7.0-for-BPEL.82/webapps/ode/WEB-INF/conf/schedules.xml] initialized
11:07:15,858 INFO  [WatchDog] [/Users/giannidamico/Documents/Cours/INSA/5ISS/Architecture_De_Service/Softwares/apache-tomcat-7.0-for-BPEL.82/webapps/ode/WEB-INF/conf/schedules.xml] initialized
11:07:45,879 INFO  [WatchDog] [/Users/giannidamico/Documents/Cours/INSA/5ISS/Architecture_De_Service/Softwares/apache-tomcat-7.0-for-BPEL.82/webapps/ode/WEB-INF/conf/schedules.xml] initialized
11:08:15,909 INFO  [WatchDog] [/Users/giannidamico/Documents/Cours/INSA/5ISS/Architecture_De_Service/Softwares/apache-tomcat-7.0-for-BPEL.82/webapps/ode/WEB-INF/conf/schedules.xml] initialized
11:08:45,938 INFO  [WatchDog] [/Users/giannidamico/Documents/Cours/INSA/5ISS/Architecture_De_Service/Softwares/apache-tomcat-7.0-for-BPEL.82/webapps/ode/WEB-INF/conf/schedules.xml] initialized
11:09:15,966 INFO  [WatchDog] [/Users/giannidamico/Documents/Cours/INSA/5ISS/Architecture_De_Service/Softwares/apache-tomcat-7.0-for-BPEL.82/webapps/ode/WEB-INF/conf/schedules.xml] initialized
11:09:45,991 INFO  [WatchDog] [/Users/giannidamico/Documents/Cours/INSA/5ISS/Architecture_De_Service/Softwares/apache-tomcat-7.0-for-BPEL.82/webapps/ode/WEB-INF/conf/schedules.xml] initialized
11:10:16,017 INFO  [WatchDog] [/Users/giannidamico/Documents/Cours/INSA/5ISS/Architecture_De_Service/Softwares/apache-tomcat-7.0-for-BPEL.82/webapps/ode/WEB-INF/conf/schedules.xml] initialized
11:10:46,040 INFO  [WatchDog] [/Users/giannidamico/Documents/Cours/INSA/5ISS/Architecture_De_Service/Softwares/apache-tomcat-7.0-for-BPEL.82/webapps/ode/WEB-INF/conf/schedules.xml] initialized
11:11:16,066 INFO  [WatchDog] [/Users/giannidamico/Documents/Cours/INSA/5ISS/Architecture_De_Service/Softwares/apache-tomcat-7.0-for-BPEL.82/webapps/ode/WEB-INF/conf/schedules.xml] initialized
11:11:46,088 INFO  [WatchDog] [/Users/giannidamico/Documents/Cours/INSA/5ISS/Architecture_De_Service/Softwares/apache-tomcat-7.0-for-BPEL.82/webapps/ode/WEB-INF/conf/schedules.xml] initialized
11:12:16,111 INFO  [WatchDog] [/Users/giannidamico/Documents/Cours/INSA/5ISS/Architecture_De_Service/Softwares/apache-tomcat-7.0-for-BPEL.82/webapps/ode/WEB-INF/conf/schedules.xml] initialized
11:12:46,131 INFO  [WatchDog] [/Users/giannidamico/Documents/Cours/INSA/5ISS/Architecture_De_Service/Softwares/apache-tomcat-7.0-for-BPEL.82/webapps/ode/WEB-INF/conf/schedules.xml] initialized
11:13:16,156 INFO  [WatchDog] [/Users/giannidamico/Documents/Cours/INSA/5ISS/Architecture_De_Service/Softwares/apache-tomcat-7.0-for-BPEL.82/webapps/ode/WEB-INF/conf/schedules.xml] initialized
11:13:46,178 INFO  [WatchDog] [/Users/giannidamico/Documents/Cours/INSA/5ISS/Architecture_De_Service/Softwares/apache-tomcat-7.0-for-BPEL.82/webapps/ode/WEB-INF/conf/schedules.xml] initialized
11:14:16,203 INFO  [WatchDog] [/Users/giannidamico/Documents/Cours/INSA/5ISS/Architecture_De_Service/Softwares/apache-tomcat-7.0-for-BPEL.82/webapps/ode/WEB-INF/conf/schedules.xml] initialized
11:14:46,238 INFO  [WatchDog] [/Users/giannidamico/Documents/Cours/INSA/5ISS/Architecture_De_Service/Softwares/apache-tomcat-7.0-for-BPEL.82/webapps/ode/WEB-INF/conf/schedules.xml] initialized
11:15:16,272 INFO  [WatchDog] [/Users/giannidamico/Documents/Cours/INSA/5ISS/Architecture_De_Service/Softwares/apache-tomcat-7.0-for-BPEL.82/webapps/ode/WEB-INF/conf/schedules.xml] initialized
11:15:46,298 INFO  [WatchDog] [/Users/giannidamico/Documents/Cours/INSA/5ISS/Architecture_De_Service/Softwares/apache-tomcat-7.0-for-BPEL.82/webapps/ode/WEB-INF/conf/schedules.xml] initialized
11:16:16,341 INFO  [WatchDog] [/Users/giannidamico/Documents/Cours/INSA/5ISS/Architecture_De_Service/Softwares/apache-tomcat-7.0-for-BPEL.82/webapps/ode/WEB-INF/conf/schedules.xml] initialized
11:16:46,373 INFO  [WatchDog] [/Users/giannidamico/Documents/Cours/INSA/5ISS/Architecture_De_Service/Softwares/apache-tomcat-7.0-for-BPEL.82/webapps/ode/WEB-INF/conf/schedules.xml] initialized
11:17:16,406 INFO  [WatchDog] [/Users/giannidamico/Documents/Cours/INSA/5ISS/Architecture_De_Service/Softwares/apache-tomcat-7.0-for-BPEL.82/webapps/ode/WEB-INF/conf/schedules.xml] initialized
11:17:46,445 INFO  [WatchDog] [/Users/giannidamico/Documents/Cours/INSA/5ISS/Architecture_De_Service/Softwares/apache-tomcat-7.0-for-BPEL.82/webapps/ode/WEB-INF/conf/schedules.xml] initialized
11:18:16,482 INFO  [WatchDog] [/Users/giannidamico/Documents/Cours/INSA/5ISS/Architecture_De_Service/Softwares/apache-tomcat-7.0-for-BPEL.82/webapps/ode/WEB-INF/conf/schedules.xml] initialized
11:18:46,517 INFO  [WatchDog] [/Users/giannidamico/Documents/Cours/INSA/5ISS/Architecture_De_Service/Softwares/apache-tomcat-7.0-for-BPEL.82/webapps/ode/WEB-INF/conf/schedules.xml] initialized
11:19:16,550 INFO  [WatchDog] [/Users/giannidamico/Documents/Cours/INSA/5ISS/Architecture_De_Service/Softwares/apache-tomcat-7.0-for-BPEL.82/webapps/ode/WEB-INF/conf/schedules.xml] initialized
11:19:46,645 INFO  [WatchDog] [/Users/giannidamico/Documents/Cours/INSA/5ISS/Architecture_De_Service/Softwares/apache-tomcat-7.0-for-BPEL.82/webapps/ode/WEB-INF/conf/schedules.xml] initialized
11:20:17,880 INFO  [WatchDog] [/Users/giannidamico/Documents/Cours/INSA/5ISS/Architecture_De_Service/Softwares/apache-tomcat-7.0-for-BPEL.82/webapps/ode/WEB-INF/conf/schedules.xml] initialized
11:20:47,918 INFO  [WatchDog] [/Users/giannidamico/Documents/Cours/INSA/5ISS/Architecture_De_Service/Softwares/apache-tomcat-7.0-for-BPEL.82/webapps/ode/WEB-INF/conf/schedules.xml] initialized
11:21:17,952 INFO  [WatchDog] [/Users/giannidamico/Documents/Cours/INSA/5ISS/Architecture_De_Service/Softwares/apache-tomcat-7.0-for-BPEL.82/webapps/ode/WEB-INF/conf/schedules.xml] initialized
11:21:47,977 INFO  [WatchDog] [/Users/giannidamico/Documents/Cours/INSA/5ISS/Architecture_De_Service/Softwares/apache-tomcat-7.0-for-BPEL.82/webapps/ode/WEB-INF/conf/schedules.xml] initialized
11:22:18,010 INFO  [WatchDog] [/Users/giannidamico/Documents/Cours/INSA/5ISS/Architecture_De_Service/Softwares/apache-tomcat-7.0-for-BPEL.82/webapps/ode/WEB-INF/conf/schedules.xml] initialized
11:22:48,036 INFO  [WatchDog] [/Users/giannidamico/Documents/Cours/INSA/5ISS/Architecture_De_Service/Softwares/apache-tomcat-7.0-for-BPEL.82/webapps/ode/WEB-INF/conf/schedules.xml] initialized
11:23:18,072 INFO  [WatchDog] [/Users/giannidamico/Documents/Cours/INSA/5ISS/Architecture_De_Service/Softwares/apache-tomcat-7.0-for-BPEL.82/webapps/ode/WEB-INF/conf/schedules.xml] initialized
11:23:48,110 INFO  [WatchDog] [/Users/giannidamico/Documents/Cours/INSA/5ISS/Architecture_De_Service/Softwares/apache-tomcat-7.0-for-BPEL.82/webapps/ode/WEB-INF/conf/schedules.xml] initialized
11:24:18,141 INFO  [WatchDog] [/Users/giannidamico/Documents/Cours/INSA/5ISS/Architecture_De_Service/Softwares/apache-tomcat-7.0-for-BPEL.82/webapps/ode/WEB-INF/conf/schedules.xml] initialized
11:24:48,183 INFO  [WatchDog] [/Users/giannidamico/Documents/Cours/INSA/5ISS/Architecture_De_Service/Softwares/apache-tomcat-7.0-for-BPEL.82/webapps/ode/WEB-INF/conf/schedules.xml] initialized
11:25:18,207 INFO  [WatchDog] [/Users/giannidamico/Documents/Cours/INSA/5ISS/Architecture_De_Service/Softwares/apache-tomcat-7.0-for-BPEL.82/webapps/ode/WEB-INF/conf/schedules.xml] initialized
11:25:48,236 INFO  [WatchDog] [/Users/giannidamico/Documents/Cours/INSA/5ISS/Architecture_De_Service/Softwares/apache-tomcat-7.0-for-BPEL.82/webapps/ode/WEB-INF/conf/schedules.xml] initialized
11:26:18,265 INFO  [WatchDog] [/Users/giannidamico/Documents/Cours/INSA/5ISS/Architecture_De_Service/Softwares/apache-tomcat-7.0-for-BPEL.82/webapps/ode/WEB-INF/conf/schedules.xml] initialized
11:26:48,297 INFO  [WatchDog] [/Users/giannidamico/Documents/Cours/INSA/5ISS/Architecture_De_Service/Softwares/apache-tomcat-7.0-for-BPEL.82/webapps/ode/WEB-INF/conf/schedules.xml] initialized
11:27:18,321 INFO  [WatchDog] [/Users/giannidamico/Documents/Cours/INSA/5ISS/Architecture_De_Service/Softwares/apache-tomcat-7.0-for-BPEL.82/webapps/ode/WEB-INF/conf/schedules.xml] initialized
11:27:48,346 INFO  [WatchDog] [/Users/giannidamico/Documents/Cours/INSA/5ISS/Architecture_De_Service/Softwares/apache-tomcat-7.0-for-BPEL.82/webapps/ode/WEB-INF/conf/schedules.xml] initialized
11:28:18,373 INFO  [WatchDog] [/Users/giannidamico/Documents/Cours/INSA/5ISS/Architecture_De_Service/Softwares/apache-tomcat-7.0-for-BPEL.82/webapps/ode/WEB-INF/conf/schedules.xml] initialized
11:28:48,401 INFO  [WatchDog] [/Users/giannidamico/Documents/Cours/INSA/5ISS/Architecture_De_Service/Softwares/apache-tomcat-7.0-for-BPEL.82/webapps/ode/WEB-INF/conf/schedules.xml] initialized
11:29:18,427 INFO  [WatchDog] [/Users/giannidamico/Documents/Cours/INSA/5ISS/Architecture_De_Service/Softwares/apache-tomcat-7.0-for-BPEL.82/webapps/ode/WEB-INF/conf/schedules.xml] initialized
11:29:48,467 INFO  [WatchDog] [/Users/giannidamico/Documents/Cours/INSA/5ISS/Architecture_De_Service/Softwares/apache-tomcat-7.0-for-BPEL.82/webapps/ode/WEB-INF/conf/schedules.xml] initialized
11:30:18,517 INFO  [WatchDog] [/Users/giannidamico/Documents/Cours/INSA/5ISS/Architecture_De_Service/Softwares/apache-tomcat-7.0-for-BPEL.82/webapps/ode/WEB-INF/conf/schedules.xml] initialized
11:30:48,539 INFO  [WatchDog] [/Users/giannidamico/Documents/Cours/INSA/5ISS/Architecture_De_Service/Softwares/apache-tomcat-7.0-for-BPEL.82/webapps/ode/WEB-INF/conf/schedules.xml] initialized
11:31:18,567 INFO  [WatchDog] [/Users/giannidamico/Documents/Cours/INSA/5ISS/Architecture_De_Service/Softwares/apache-tomcat-7.0-for-BPEL.82/webapps/ode/WEB-INF/conf/schedules.xml] initialized
11:31:48,599 INFO  [WatchDog] [/Users/giannidamico/Documents/Cours/INSA/5ISS/Architecture_De_Service/Softwares/apache-tomcat-7.0-for-BPEL.82/webapps/ode/WEB-INF/conf/schedules.xml] initialized
11:32:18,624 INFO  [WatchDog] [/Users/giannidamico/Documents/Cours/INSA/5ISS/Architecture_De_Service/Softwares/apache-tomcat-7.0-for-BPEL.82/webapps/ode/WEB-INF/conf/schedules.xml] initialized
11:32:48,650 INFO  [WatchDog] [/Users/giannidamico/Documents/Cours/INSA/5ISS/Architecture_De_Service/Softwares/apache-tomcat-7.0-for-BPEL.82/webapps/ode/WEB-INF/conf/schedules.xml] initialized
11:33:18,687 INFO  [WatchDog] [/Users/giannidamico/Documents/Cours/INSA/5ISS/Architecture_De_Service/Softwares/apache-tomcat-7.0-for-BPEL.82/webapps/ode/WEB-INF/conf/schedules.xml] initialized
11:33:48,720 INFO  [WatchDog] [/Users/giannidamico/Documents/Cours/INSA/5ISS/Architecture_De_Service/Softwares/apache-tomcat-7.0-for-BPEL.82/webapps/ode/WEB-INF/conf/schedules.xml] initialized
11:34:18,745 INFO  [WatchDog] [/Users/giannidamico/Documents/Cours/INSA/5ISS/Architecture_De_Service/Softwares/apache-tomcat-7.0-for-BPEL.82/webapps/ode/WEB-INF/conf/schedules.xml] initialized
11:34:48,783 INFO  [WatchDog] [/Users/giannidamico/Documents/Cours/INSA/5ISS/Architecture_De_Service/Softwares/apache-tomcat-7.0-for-BPEL.82/webapps/ode/WEB-INF/conf/schedules.xml] initialized
11:35:18,814 INFO  [WatchDog] [/Users/giannidamico/Documents/Cours/INSA/5ISS/Architecture_De_Service/Softwares/apache-tomcat-7.0-for-BPEL.82/webapps/ode/WEB-INF/conf/schedules.xml] initialized
11:35:48,845 INFO  [WatchDog] [/Users/giannidamico/Documents/Cours/INSA/5ISS/Architecture_De_Service/Softwares/apache-tomcat-7.0-for-BPEL.82/webapps/ode/WEB-INF/conf/schedules.xml] initialized
11:36:18,892 INFO  [WatchDog] [/Users/giannidamico/Documents/Cours/INSA/5ISS/Architecture_De_Service/Softwares/apache-tomcat-7.0-for-BPEL.82/webapps/ode/WEB-INF/conf/schedules.xml] initialized
11:36:48,929 INFO  [WatchDog] [/Users/giannidamico/Documents/Cours/INSA/5ISS/Architecture_De_Service/Softwares/apache-tomcat-7.0-for-BPEL.82/webapps/ode/WEB-INF/conf/schedules.xml] initialized
11:37:18,955 INFO  [WatchDog] [/Users/giannidamico/Documents/Cours/INSA/5ISS/Architecture_De_Service/Softwares/apache-tomcat-7.0-for-BPEL.82/webapps/ode/WEB-INF/conf/schedules.xml] initialized
11:37:48,985 INFO  [WatchDog] [/Users/giannidamico/Documents/Cours/INSA/5ISS/Architecture_De_Service/Softwares/apache-tomcat-7.0-for-BPEL.82/webapps/ode/WEB-INF/conf/schedules.xml] initialized
11:38:19,017 INFO  [WatchDog] [/Users/giannidamico/Documents/Cours/INSA/5ISS/Architecture_De_Service/Softwares/apache-tomcat-7.0-for-BPEL.82/webapps/ode/WEB-INF/conf/schedules.xml] initialized
11:38:49,042 INFO  [WatchDog] [/Users/giannidamico/Documents/Cours/INSA/5ISS/Architecture_De_Service/Softwares/apache-tomcat-7.0-for-BPEL.82/webapps/ode/WEB-INF/conf/schedules.xml] initialized
11:39:19,075 INFO  [WatchDog] [/Users/giannidamico/Documents/Cours/INSA/5ISS/Architecture_De_Service/Softwares/apache-tomcat-7.0-for-BPEL.82/webapps/ode/WEB-INF/conf/schedules.xml] initialized
11:39:31,158 INFO  [ProcessStoreImpl] Starting deployment of processes from directory "/Users/giannidamico/Documents/Cours/INSA/5ISS/Architecture_De_Service/Softwares/apache-tomcat-7.0-for-BPEL.82/webapps/ode/WEB-INF/processes/SimpleBPEL". 
11:39:31,257 INFO  [DeploymentUnitDir] Can't initialize beans.xml application context org.springframework.beans.factory.BeanDefinitionStoreException: IOException parsing XML document from class path resource [beans.xml]; nested exception is java.io.FileNotFoundException: class path resource [beans.xml] cannot be opened because it does not exist for SimpleBPEL
11:39:31,578 INFO  [ProcessStoreImpl] Process {simpleBpel.insa.fr}SimpleBPEL-3 deployed from "{simpleBpel.insa.fr}SimpleBPEL-3".
11:39:31,943 INFO  [WatchDog] [Endpoint files for {DeploymentUnit SimpleBPEL}] updated
11:39:32,129 INFO  [BpelServerImpl] Registered process {simpleBpel.insa.fr}SimpleBPEL-3.
11:39:32,130 INFO  [DeploymentPoller] Deployment of artifact SimpleBPEL successful: [{simpleBpel.insa.fr}SimpleBPEL-3]
11:39:50,147 INFO  [WatchDog] [/Users/giannidamico/Documents/Cours/INSA/5ISS/Architecture_De_Service/Softwares/apache-tomcat-7.0-for-BPEL.82/webapps/ode/WEB-INF/conf/schedules.xml] initialized
11:40:20,179 INFO  [WatchDog] [/Users/giannidamico/Documents/Cours/INSA/5ISS/Architecture_De_Service/Softwares/apache-tomcat-7.0-for-BPEL.82/webapps/ode/WEB-INF/conf/schedules.xml] initialized
11:40:50,208 INFO  [WatchDog] [/Users/giannidamico/Documents/Cours/INSA/5ISS/Architecture_De_Service/Softwares/apache-tomcat-7.0-for-BPEL.82/webapps/ode/WEB-INF/conf/schedules.xml] initialized
11:41:20,242 INFO  [WatchDog] [/Users/giannidamico/Documents/Cours/INSA/5ISS/Architecture_De_Service/Softwares/apache-tomcat-7.0-for-BPEL.82/webapps/ode/WEB-INF/conf/schedules.xml] initialized
11:41:50,274 INFO  [WatchDog] [/Users/giannidamico/Documents/Cours/INSA/5ISS/Architecture_De_Service/Softwares/apache-tomcat-7.0-for-BPEL.82/webapps/ode/WEB-INF/conf/schedules.xml] initialized
11:42:20,305 INFO  [WatchDog] [/Users/giannidamico/Documents/Cours/INSA/5ISS/Architecture_De_Service/Softwares/apache-tomcat-7.0-for-BPEL.82/webapps/ode/WEB-INF/conf/schedules.xml] initialized
11:42:50,329 INFO  [WatchDog] [/Users/giannidamico/Documents/Cours/INSA/5ISS/Architecture_De_Service/Softwares/apache-tomcat-7.0-for-BPEL.82/webapps/ode/WEB-INF/conf/schedules.xml] initialized
11:43:20,355 INFO  [WatchDog] [/Users/giannidamico/Documents/Cours/INSA/5ISS/Architecture_De_Service/Softwares/apache-tomcat-7.0-for-BPEL.82/webapps/ode/WEB-INF/conf/schedules.xml] initialized
11:43:50,386 INFO  [WatchDog] [/Users/giannidamico/Documents/Cours/INSA/5ISS/Architecture_De_Service/Softwares/apache-tomcat-7.0-for-BPEL.82/webapps/ode/WEB-INF/conf/schedules.xml] initialized
11:44:20,414 INFO  [WatchDog] [/Users/giannidamico/Documents/Cours/INSA/5ISS/Architecture_De_Service/Softwares/apache-tomcat-7.0-for-BPEL.82/webapps/ode/WEB-INF/conf/schedules.xml] initialized
11:44:50,436 INFO  [WatchDog] [/Users/giannidamico/Documents/Cours/INSA/5ISS/Architecture_De_Service/Softwares/apache-tomcat-7.0-for-BPEL.82/webapps/ode/WEB-INF/conf/schedules.xml] initialized
11:45:20,450 INFO  [WatchDog] [/Users/giannidamico/Documents/Cours/INSA/5ISS/Architecture_De_Service/Softwares/apache-tomcat-7.0-for-BPEL.82/webapps/ode/WEB-INF/conf/schedules.xml] initialized
11:45:50,465 INFO  [WatchDog] [/Users/giannidamico/Documents/Cours/INSA/5ISS/Architecture_De_Service/Softwares/apache-tomcat-7.0-for-BPEL.82/webapps/ode/WEB-INF/conf/schedules.xml] initialized
11:46:20,479 INFO  [WatchDog] [/Users/giannidamico/Documents/Cours/INSA/5ISS/Architecture_De_Service/Softwares/apache-tomcat-7.0-for-BPEL.82/webapps/ode/WEB-INF/conf/schedules.xml] initialized
11:46:50,501 INFO  [WatchDog] [/Users/giannidamico/Documents/Cours/INSA/5ISS/Architecture_De_Service/Softwares/apache-tomcat-7.0-for-BPEL.82/webapps/ode/WEB-INF/conf/schedules.xml] initialized
11:47:20,543 INFO  [WatchDog] [/Users/giannidamico/Documents/Cours/INSA/5ISS/Architecture_De_Service/Softwares/apache-tomcat-7.0-for-BPEL.82/webapps/ode/WEB-INF/conf/schedules.xml] initialized
11:47:50,573 INFO  [WatchDog] [/Users/giannidamico/Documents/Cours/INSA/5ISS/Architecture_De_Service/Softwares/apache-tomcat-7.0-for-BPEL.82/webapps/ode/WEB-INF/conf/schedules.xml] initialized
11:48:20,606 INFO  [WatchDog] [/Users/giannidamico/Documents/Cours/INSA/5ISS/Architecture_De_Service/Softwares/apache-tomcat-7.0-for-BPEL.82/webapps/ode/WEB-INF/conf/schedules.xml] initialized
11:48:50,636 INFO  [WatchDog] [/Users/giannidamico/Documents/Cours/INSA/5ISS/Architecture_De_Service/Softwares/apache-tomcat-7.0-for-BPEL.82/webapps/ode/WEB-INF/conf/schedules.xml] initialized
11:49:20,674 INFO  [WatchDog] [/Users/giannidamico/Documents/Cours/INSA/5ISS/Architecture_De_Service/Softwares/apache-tomcat-7.0-for-BPEL.82/webapps/ode/WEB-INF/conf/schedules.xml] initialized
11:49:50,709 INFO  [WatchDog] [/Users/giannidamico/Documents/Cours/INSA/5ISS/Architecture_De_Service/Softwares/apache-tomcat-7.0-for-BPEL.82/webapps/ode/WEB-INF/conf/schedules.xml] initialized
11:50:20,743 INFO  [WatchDog] [/Users/giannidamico/Documents/Cours/INSA/5ISS/Architecture_De_Service/Softwares/apache-tomcat-7.0-for-BPEL.82/webapps/ode/WEB-INF/conf/schedules.xml] initialized
11:50:50,769 INFO  [WatchDog] [/Users/giannidamico/Documents/Cours/INSA/5ISS/Architecture_De_Service/Softwares/apache-tomcat-7.0-for-BPEL.82/webapps/ode/WEB-INF/conf/schedules.xml] initialized
11:51:20,790 INFO  [WatchDog] [/Users/giannidamico/Documents/Cours/INSA/5ISS/Architecture_De_Service/Softwares/apache-tomcat-7.0-for-BPEL.82/webapps/ode/WEB-INF/conf/schedules.xml] initialized
11:51:50,809 INFO  [WatchDog] [/Users/giannidamico/Documents/Cours/INSA/5ISS/Architecture_De_Service/Softwares/apache-tomcat-7.0-for-BPEL.82/webapps/ode/WEB-INF/conf/schedules.xml] initialized
11:52:20,822 INFO  [WatchDog] [/Users/giannidamico/Documents/Cours/INSA/5ISS/Architecture_De_Service/Softwares/apache-tomcat-7.0-for-BPEL.82/webapps/ode/WEB-INF/conf/schedules.xml] initialized
11:52:50,841 INFO  [WatchDog] [/Users/giannidamico/Documents/Cours/INSA/5ISS/Architecture_De_Service/Softwares/apache-tomcat-7.0-for-BPEL.82/webapps/ode/WEB-INF/conf/schedules.xml] initialized
11:53:20,857 INFO  [WatchDog] [/Users/giannidamico/Documents/Cours/INSA/5ISS/Architecture_De_Service/Softwares/apache-tomcat-7.0-for-BPEL.82/webapps/ode/WEB-INF/conf/schedules.xml] initialized
11:53:50,878 INFO  [WatchDog] [/Users/giannidamico/Documents/Cours/INSA/5ISS/Architecture_De_Service/Softwares/apache-tomcat-7.0-for-BPEL.82/webapps/ode/WEB-INF/conf/schedules.xml] initialized
11:54:20,894 INFO  [WatchDog] [/Users/giannidamico/Documents/Cours/INSA/5ISS/Architecture_De_Service/Softwares/apache-tomcat-7.0-for-BPEL.82/webapps/ode/WEB-INF/conf/schedules.xml] initialized
11:54:50,911 INFO  [WatchDog] [/Users/giannidamico/Documents/Cours/INSA/5ISS/Architecture_De_Service/Softwares/apache-tomcat-7.0-for-BPEL.82/webapps/ode/WEB-INF/conf/schedules.xml] initialized
11:55:20,937 INFO  [WatchDog] [/Users/giannidamico/Documents/Cours/INSA/5ISS/Architecture_De_Service/Softwares/apache-tomcat-7.0-for-BPEL.82/webapps/ode/WEB-INF/conf/schedules.xml] initialized
11:55:50,959 INFO  [WatchDog] [/Users/giannidamico/Documents/Cours/INSA/5ISS/Architecture_De_Service/Softwares/apache-tomcat-7.0-for-BPEL.82/webapps/ode/WEB-INF/conf/schedules.xml] initialized
11:56:20,985 INFO  [WatchDog] [/Users/giannidamico/Documents/Cours/INSA/5ISS/Architecture_De_Service/Softwares/apache-tomcat-7.0-for-BPEL.82/webapps/ode/WEB-INF/conf/schedules.xml] initialized
11:56:51,011 INFO  [WatchDog] [/Users/giannidamico/Documents/Cours/INSA/5ISS/Architecture_De_Service/Softwares/apache-tomcat-7.0-for-BPEL.82/webapps/ode/WEB-INF/conf/schedules.xml] initialized
11:57:21,045 INFO  [WatchDog] [/Users/giannidamico/Documents/Cours/INSA/5ISS/Architecture_De_Service/Softwares/apache-tomcat-7.0-for-BPEL.82/webapps/ode/WEB-INF/conf/schedules.xml] initialized
11:57:51,057 INFO  [WatchDog] [/Users/giannidamico/Documents/Cours/INSA/5ISS/Architecture_De_Service/Softwares/apache-tomcat-7.0-for-BPEL.82/webapps/ode/WEB-INF/conf/schedules.xml] initialized
11:58:21,076 INFO  [WatchDog] [/Users/giannidamico/Documents/Cours/INSA/5ISS/Architecture_De_Service/Softwares/apache-tomcat-7.0-for-BPEL.82/webapps/ode/WEB-INF/conf/schedules.xml] initialized
11:58:51,092 INFO  [WatchDog] [/Users/giannidamico/Documents/Cours/INSA/5ISS/Architecture_De_Service/Softwares/apache-tomcat-7.0-for-BPEL.82/webapps/ode/WEB-INF/conf/schedules.xml] initialized
11:59:21,113 INFO  [WatchDog] [/Users/giannidamico/Documents/Cours/INSA/5ISS/Architecture_De_Service/Softwares/apache-tomcat-7.0-for-BPEL.82/webapps/ode/WEB-INF/conf/schedules.xml] initialized
11:59:51,139 INFO  [WatchDog] [/Users/giannidamico/Documents/Cours/INSA/5ISS/Architecture_De_Service/Softwares/apache-tomcat-7.0-for-BPEL.82/webapps/ode/WEB-INF/conf/schedules.xml] initialized
12:00:21,168 INFO  [WatchDog] [/Users/giannidamico/Documents/Cours/INSA/5ISS/Architecture_De_Service/Softwares/apache-tomcat-7.0-for-BPEL.82/webapps/ode/WEB-INF/conf/schedules.xml] initialized
12:00:51,198 INFO  [WatchDog] [/Users/giannidamico/Documents/Cours/INSA/5ISS/Architecture_De_Service/Softwares/apache-tomcat-7.0-for-BPEL.82/webapps/ode/WEB-INF/conf/schedules.xml] initialized
12:01:21,223 INFO  [WatchDog] [/Users/giannidamico/Documents/Cours/INSA/5ISS/Architecture_De_Service/Softwares/apache-tomcat-7.0-for-BPEL.82/webapps/ode/WEB-INF/conf/schedules.xml] initialized
12:01:51,245 INFO  [WatchDog] [/Users/giannidamico/Documents/Cours/INSA/5ISS/Architecture_De_Service/Softwares/apache-tomcat-7.0-for-BPEL.82/webapps/ode/WEB-INF/conf/schedules.xml] initialized
12:02:21,270 INFO  [WatchDog] [/Users/giannidamico/Documents/Cours/INSA/5ISS/Architecture_De_Service/Softwares/apache-tomcat-7.0-for-BPEL.82/webapps/ode/WEB-INF/conf/schedules.xml] initialized
12:02:51,279 INFO  [WatchDog] [/Users/giannidamico/Documents/Cours/INSA/5ISS/Architecture_De_Service/Softwares/apache-tomcat-7.0-for-BPEL.82/webapps/ode/WEB-INF/conf/schedules.xml] initialized
12:03:21,311 INFO  [WatchDog] [/Users/giannidamico/Documents/Cours/INSA/5ISS/Architecture_De_Service/Softwares/apache-tomcat-7.0-for-BPEL.82/webapps/ode/WEB-INF/conf/schedules.xml] initialized
12:03:51,335 INFO  [WatchDog] [/Users/giannidamico/Documents/Cours/INSA/5ISS/Architecture_De_Service/Softwares/apache-tomcat-7.0-for-BPEL.82/webapps/ode/WEB-INF/conf/schedules.xml] initialized
12:04:21,357 INFO  [WatchDog] [/Users/giannidamico/Documents/Cours/INSA/5ISS/Architecture_De_Service/Softwares/apache-tomcat-7.0-for-BPEL.82/webapps/ode/WEB-INF/conf/schedules.xml] initialized
12:04:51,377 INFO  [WatchDog] [/Users/giannidamico/Documents/Cours/INSA/5ISS/Architecture_De_Service/Softwares/apache-tomcat-7.0-for-BPEL.82/webapps/ode/WEB-INF/conf/schedules.xml] initialized
12:05:21,395 INFO  [WatchDog] [/Users/giannidamico/Documents/Cours/INSA/5ISS/Architecture_De_Service/Softwares/apache-tomcat-7.0-for-BPEL.82/webapps/ode/WEB-INF/conf/schedules.xml] initialized
12:05:51,430 INFO  [WatchDog] [/Users/giannidamico/Documents/Cours/INSA/5ISS/Architecture_De_Service/Softwares/apache-tomcat-7.0-for-BPEL.82/webapps/ode/WEB-INF/conf/schedules.xml] initialized
12:06:21,451 INFO  [WatchDog] [/Users/giannidamico/Documents/Cours/INSA/5ISS/Architecture_De_Service/Softwares/apache-tomcat-7.0-for-BPEL.82/webapps/ode/WEB-INF/conf/schedules.xml] initialized
12:06:51,471 INFO  [WatchDog] [/Users/giannidamico/Documents/Cours/INSA/5ISS/Architecture_De_Service/Softwares/apache-tomcat-7.0-for-BPEL.82/webapps/ode/WEB-INF/conf/schedules.xml] initialized
12:07:21,495 INFO  [WatchDog] [/Users/giannidamico/Documents/Cours/INSA/5ISS/Architecture_De_Service/Softwares/apache-tomcat-7.0-for-BPEL.82/webapps/ode/WEB-INF/conf/schedules.xml] initialized
12:07:51,515 INFO  [WatchDog] [/Users/giannidamico/Documents/Cours/INSA/5ISS/Architecture_De_Service/Softwares/apache-tomcat-7.0-for-BPEL.82/webapps/ode/WEB-INF/conf/schedules.xml] initialized
12:08:21,531 INFO  [WatchDog] [/Users/giannidamico/Documents/Cours/INSA/5ISS/Architecture_De_Service/Softwares/apache-tomcat-7.0-for-BPEL.82/webapps/ode/WEB-INF/conf/schedules.xml] initialized
12:08:51,969 INFO  [WatchDog] [/Users/giannidamico/Documents/Cours/INSA/5ISS/Architecture_De_Service/Softwares/apache-tomcat-7.0-for-BPEL.82/webapps/ode/WEB-INF/conf/schedules.xml] initialized
12:09:22,009 INFO  [WatchDog] [/Users/giannidamico/Documents/Cours/INSA/5ISS/Architecture_De_Service/Softwares/apache-tomcat-7.0-for-BPEL.82/webapps/ode/WEB-INF/conf/schedules.xml] initialized
12:09:52,028 INFO  [WatchDog] [/Users/giannidamico/Documents/Cours/INSA/5ISS/Architecture_De_Service/Softwares/apache-tomcat-7.0-for-BPEL.82/webapps/ode/WEB-INF/conf/schedules.xml] initialized
12:10:22,073 INFO  [WatchDog] [/Users/giannidamico/Documents/Cours/INSA/5ISS/Architecture_De_Service/Softwares/apache-tomcat-7.0-for-BPEL.82/webapps/ode/WEB-INF/conf/schedules.xml] initialized
12:16:16,774 INFO  [WatchDog] [/Users/giannidamico/Documents/Cours/INSA/5ISS/Architecture_De_Service/Softwares/apache-tomcat-7.0-for-BPEL.82/webapps/ode/WEB-INF/conf/schedules.xml] initialized
12:16:46,829 INFO  [WatchDog] [/Users/giannidamico/Documents/Cours/INSA/5ISS/Architecture_De_Service/Softwares/apache-tomcat-7.0-for-BPEL.82/webapps/ode/WEB-INF/conf/schedules.xml] initialized
12:17:58,725 INFO  [WatchDog] [/Users/giannidamico/Documents/Cours/INSA/5ISS/Architecture_De_Service/Softwares/apache-tomcat-7.0-for-BPEL.82/webapps/ode/WEB-INF/conf/schedules.xml] initialized
12:18:28,792 INFO  [WatchDog] [/Users/giannidamico/Documents/Cours/INSA/5ISS/Architecture_De_Service/Softwares/apache-tomcat-7.0-for-BPEL.82/webapps/ode/WEB-INF/conf/schedules.xml] initialized
12:24:06,668 INFO  [WatchDog] [/Users/giannidamico/Documents/Cours/INSA/5ISS/Architecture_De_Service/Softwares/apache-tomcat-7.0-for-BPEL.82/webapps/ode/WEB-INF/conf/schedules.xml] initialized
12:24:36,735 INFO  [WatchDog] [/Users/giannidamico/Documents/Cours/INSA/5ISS/Architecture_De_Service/Softwares/apache-tomcat-7.0-for-BPEL.82/webapps/ode/WEB-INF/conf/schedules.xml] initialized
12:56:42,607 INFO  [WatchDog] [/Users/giannidamico/Documents/Cours/INSA/5ISS/Architecture_De_Service/Softwares/apache-tomcat-7.0-for-BPEL.82/webapps/ode/WEB-INF/conf/schedules.xml] initialized
12:57:12,659 INFO  [WatchDog] [/Users/giannidamico/Documents/Cours/INSA/5ISS/Architecture_De_Service/Softwares/apache-tomcat-7.0-for-BPEL.82/webapps/ode/WEB-INF/conf/schedules.xml] initialized
13:06:20,533 INFO  [WatchDog] [/Users/giannidamico/Documents/Cours/INSA/5ISS/Architecture_De_Service/Softwares/apache-tomcat-7.0-for-BPEL.82/webapps/ode/WEB-INF/conf/schedules.xml] initialized
13:06:50,602 INFO  [WatchDog] [/Users/giannidamico/Documents/Cours/INSA/5ISS/Architecture_De_Service/Softwares/apache-tomcat-7.0-for-BPEL.82/webapps/ode/WEB-INF/conf/schedules.xml] initialized
15:10:40,514 INFO  [WatchDog] [/Users/giannidamico/Documents/Cours/INSA/5ISS/Architecture_De_Service/Softwares/apache-tomcat-7.0-for-BPEL.82/webapps/ode/WEB-INF/conf/schedules.xml] initialized
15:33:29,665 INFO  [WatchDog] [/Users/giannidamico/Documents/Cours/INSA/5ISS/Architecture_De_Service/Softwares/apache-tomcat-7.0-for-BPEL.82/webapps/ode/WEB-INF/conf/schedules.xml] initialized
15:33:59,758 INFO  [WatchDog] [/Users/giannidamico/Documents/Cours/INSA/5ISS/Architecture_De_Service/Softwares/apache-tomcat-7.0-for-BPEL.82/webapps/ode/WEB-INF/conf/schedules.xml] initialized
15:34:30,721 INFO  [WatchDog] [/Users/giannidamico/Documents/Cours/INSA/5ISS/Architecture_De_Service/Softwares/apache-tomcat-7.0-for-BPEL.82/webapps/ode/WEB-INF/conf/schedules.xml] initialized
15:35:00,741 INFO  [WatchDog] [/Users/giannidamico/Documents/Cours/INSA/5ISS/Architecture_De_Service/Softwares/apache-tomcat-7.0-for-BPEL.82/webapps/ode/WEB-INF/conf/schedules.xml] initialized
15:35:30,765 INFO  [WatchDog] [/Users/giannidamico/Documents/Cours/INSA/5ISS/Architecture_De_Service/Softwares/apache-tomcat-7.0-for-BPEL.82/webapps/ode/WEB-INF/conf/schedules.xml] initialized
15:36:00,795 INFO  [WatchDog] [/Users/giannidamico/Documents/Cours/INSA/5ISS/Architecture_De_Service/Softwares/apache-tomcat-7.0-for-BPEL.82/webapps/ode/WEB-INF/conf/schedules.xml] initialized
15:36:30,824 INFO  [WatchDog] [/Users/giannidamico/Documents/Cours/INSA/5ISS/Architecture_De_Service/Softwares/apache-tomcat-7.0-for-BPEL.82/webapps/ode/WEB-INF/conf/schedules.xml] initialized
15:37:00,843 INFO  [WatchDog] [/Users/giannidamico/Documents/Cours/INSA/5ISS/Architecture_De_Service/Softwares/apache-tomcat-7.0-for-BPEL.82/webapps/ode/WEB-INF/conf/schedules.xml] initialized
15:37:30,863 INFO  [WatchDog] [/Users/giannidamico/Documents/Cours/INSA/5ISS/Architecture_De_Service/Softwares/apache-tomcat-7.0-for-BPEL.82/webapps/ode/WEB-INF/conf/schedules.xml] initialized
15:38:00,884 INFO  [WatchDog] [/Users/giannidamico/Documents/Cours/INSA/5ISS/Architecture_De_Service/Softwares/apache-tomcat-7.0-for-BPEL.82/webapps/ode/WEB-INF/conf/schedules.xml] initialized
15:38:30,911 INFO  [WatchDog] [/Users/giannidamico/Documents/Cours/INSA/5ISS/Architecture_De_Service/Softwares/apache-tomcat-7.0-for-BPEL.82/webapps/ode/WEB-INF/conf/schedules.xml] initialized
15:39:00,935 INFO  [WatchDog] [/Users/giannidamico/Documents/Cours/INSA/5ISS/Architecture_De_Service/Softwares/apache-tomcat-7.0-for-BPEL.82/webapps/ode/WEB-INF/conf/schedules.xml] initialized
15:39:30,959 INFO  [WatchDog] [/Users/giannidamico/Documents/Cours/INSA/5ISS/Architecture_De_Service/Softwares/apache-tomcat-7.0-for-BPEL.82/webapps/ode/WEB-INF/conf/schedules.xml] initialized
15:40:00,980 INFO  [WatchDog] [/Users/giannidamico/Documents/Cours/INSA/5ISS/Architecture_De_Service/Softwares/apache-tomcat-7.0-for-BPEL.82/webapps/ode/WEB-INF/conf/schedules.xml] initialized
15:40:31,006 INFO  [WatchDog] [/Users/giannidamico/Documents/Cours/INSA/5ISS/Architecture_De_Service/Softwares/apache-tomcat-7.0-for-BPEL.82/webapps/ode/WEB-INF/conf/schedules.xml] initialized
15:41:01,034 INFO  [WatchDog] [/Users/giannidamico/Documents/Cours/INSA/5ISS/Architecture_De_Service/Softwares/apache-tomcat-7.0-for-BPEL.82/webapps/ode/WEB-INF/conf/schedules.xml] initialized
15:41:31,052 INFO  [WatchDog] [/Users/giannidamico/Documents/Cours/INSA/5ISS/Architecture_De_Service/Softwares/apache-tomcat-7.0-for-BPEL.82/webapps/ode/WEB-INF/conf/schedules.xml] initialized
15:42:01,082 INFO  [WatchDog] [/Users/giannidamico/Documents/Cours/INSA/5ISS/Architecture_De_Service/Softwares/apache-tomcat-7.0-for-BPEL.82/webapps/ode/WEB-INF/conf/schedules.xml] initialized
15:42:31,112 INFO  [WatchDog] [/Users/giannidamico/Documents/Cours/INSA/5ISS/Architecture_De_Service/Softwares/apache-tomcat-7.0-for-BPEL.82/webapps/ode/WEB-INF/conf/schedules.xml] initialized
15:43:01,139 INFO  [WatchDog] [/Users/giannidamico/Documents/Cours/INSA/5ISS/Architecture_De_Service/Softwares/apache-tomcat-7.0-for-BPEL.82/webapps/ode/WEB-INF/conf/schedules.xml] initialized
15:43:31,169 INFO  [WatchDog] [/Users/giannidamico/Documents/Cours/INSA/5ISS/Architecture_De_Service/Softwares/apache-tomcat-7.0-for-BPEL.82/webapps/ode/WEB-INF/conf/schedules.xml] initialized
15:44:01,196 INFO  [WatchDog] [/Users/giannidamico/Documents/Cours/INSA/5ISS/Architecture_De_Service/Softwares/apache-tomcat-7.0-for-BPEL.82/webapps/ode/WEB-INF/conf/schedules.xml] initialized
15:44:31,222 INFO  [WatchDog] [/Users/giannidamico/Documents/Cours/INSA/5ISS/Architecture_De_Service/Softwares/apache-tomcat-7.0-for-BPEL.82/webapps/ode/WEB-INF/conf/schedules.xml] initialized
15:45:01,256 INFO  [WatchDog] [/Users/giannidamico/Documents/Cours/INSA/5ISS/Architecture_De_Service/Softwares/apache-tomcat-7.0-for-BPEL.82/webapps/ode/WEB-INF/conf/schedules.xml] initialized
15:45:31,274 INFO  [WatchDog] [/Users/giannidamico/Documents/Cours/INSA/5ISS/Architecture_De_Service/Softwares/apache-tomcat-7.0-for-BPEL.82/webapps/ode/WEB-INF/conf/schedules.xml] initialized
15:46:01,306 INFO  [WatchDog] [/Users/giannidamico/Documents/Cours/INSA/5ISS/Architecture_De_Service/Softwares/apache-tomcat-7.0-for-BPEL.82/webapps/ode/WEB-INF/conf/schedules.xml] initialized
15:46:31,331 INFO  [WatchDog] [/Users/giannidamico/Documents/Cours/INSA/5ISS/Architecture_De_Service/Softwares/apache-tomcat-7.0-for-BPEL.82/webapps/ode/WEB-INF/conf/schedules.xml] initialized
15:47:01,353 INFO  [WatchDog] [/Users/giannidamico/Documents/Cours/INSA/5ISS/Architecture_De_Service/Softwares/apache-tomcat-7.0-for-BPEL.82/webapps/ode/WEB-INF/conf/schedules.xml] initialized
15:47:31,385 INFO  [WatchDog] [/Users/giannidamico/Documents/Cours/INSA/5ISS/Architecture_De_Service/Softwares/apache-tomcat-7.0-for-BPEL.82/webapps/ode/WEB-INF/conf/schedules.xml] initialized
15:48:01,413 INFO  [WatchDog] [/Users/giannidamico/Documents/Cours/INSA/5ISS/Architecture_De_Service/Softwares/apache-tomcat-7.0-for-BPEL.82/webapps/ode/WEB-INF/conf/schedules.xml] initialized
15:48:31,444 INFO  [WatchDog] [/Users/giannidamico/Documents/Cours/INSA/5ISS/Architecture_De_Service/Softwares/apache-tomcat-7.0-for-BPEL.82/webapps/ode/WEB-INF/conf/schedules.xml] initialized
15:49:01,463 INFO  [WatchDog] [/Users/giannidamico/Documents/Cours/INSA/5ISS/Architecture_De_Service/Softwares/apache-tomcat-7.0-for-BPEL.82/webapps/ode/WEB-INF/conf/schedules.xml] initialized
15:49:31,486 INFO  [WatchDog] [/Users/giannidamico/Documents/Cours/INSA/5ISS/Architecture_De_Service/Softwares/apache-tomcat-7.0-for-BPEL.82/webapps/ode/WEB-INF/conf/schedules.xml] initialized
15:50:01,510 INFO  [WatchDog] [/Users/giannidamico/Documents/Cours/INSA/5ISS/Architecture_De_Service/Softwares/apache-tomcat-7.0-for-BPEL.82/webapps/ode/WEB-INF/conf/schedules.xml] initialized
15:50:31,542 INFO  [WatchDog] [/Users/giannidamico/Documents/Cours/INSA/5ISS/Architecture_De_Service/Softwares/apache-tomcat-7.0-for-BPEL.82/webapps/ode/WEB-INF/conf/schedules.xml] initialized
15:51:01,566 INFO  [WatchDog] [/Users/giannidamico/Documents/Cours/INSA/5ISS/Architecture_De_Service/Softwares/apache-tomcat-7.0-for-BPEL.82/webapps/ode/WEB-INF/conf/schedules.xml] initialized
15:51:31,583 INFO  [WatchDog] [/Users/giannidamico/Documents/Cours/INSA/5ISS/Architecture_De_Service/Softwares/apache-tomcat-7.0-for-BPEL.82/webapps/ode/WEB-INF/conf/schedules.xml] initialized
15:52:01,598 INFO  [WatchDog] [/Users/giannidamico/Documents/Cours/INSA/5ISS/Architecture_De_Service/Softwares/apache-tomcat-7.0-for-BPEL.82/webapps/ode/WEB-INF/conf/schedules.xml] initialized
15:52:31,616 INFO  [WatchDog] [/Users/giannidamico/Documents/Cours/INSA/5ISS/Architecture_De_Service/Softwares/apache-tomcat-7.0-for-BPEL.82/webapps/ode/WEB-INF/conf/schedules.xml] initialized
15:53:01,635 INFO  [WatchDog] [/Users/giannidamico/Documents/Cours/INSA/5ISS/Architecture_De_Service/Softwares/apache-tomcat-7.0-for-BPEL.82/webapps/ode/WEB-INF/conf/schedules.xml] initialized
15:53:31,661 INFO  [WatchDog] [/Users/giannidamico/Documents/Cours/INSA/5ISS/Architecture_De_Service/Softwares/apache-tomcat-7.0-for-BPEL.82/webapps/ode/WEB-INF/conf/schedules.xml] initialized
15:54:01,684 INFO  [WatchDog] [/Users/giannidamico/Documents/Cours/INSA/5ISS/Architecture_De_Service/Softwares/apache-tomcat-7.0-for-BPEL.82/webapps/ode/WEB-INF/conf/schedules.xml] initialized
15:54:31,705 INFO  [WatchDog] [/Users/giannidamico/Documents/Cours/INSA/5ISS/Architecture_De_Service/Softwares/apache-tomcat-7.0-for-BPEL.82/webapps/ode/WEB-INF/conf/schedules.xml] initialized
15:55:01,726 INFO  [WatchDog] [/Users/giannidamico/Documents/Cours/INSA/5ISS/Architecture_De_Service/Softwares/apache-tomcat-7.0-for-BPEL.82/webapps/ode/WEB-INF/conf/schedules.xml] initialized
15:55:31,765 INFO  [WatchDog] [/Users/giannidamico/Documents/Cours/INSA/5ISS/Architecture_De_Service/Softwares/apache-tomcat-7.0-for-BPEL.82/webapps/ode/WEB-INF/conf/schedules.xml] initialized
15:56:01,802 INFO  [WatchDog] [/Users/giannidamico/Documents/Cours/INSA/5ISS/Architecture_De_Service/Softwares/apache-tomcat-7.0-for-BPEL.82/webapps/ode/WEB-INF/conf/schedules.xml] initialized
15:56:31,827 INFO  [WatchDog] [/Users/giannidamico/Documents/Cours/INSA/5ISS/Architecture_De_Service/Softwares/apache-tomcat-7.0-for-BPEL.82/webapps/ode/WEB-INF/conf/schedules.xml] initialized
15:57:01,870 INFO  [WatchDog] [/Users/giannidamico/Documents/Cours/INSA/5ISS/Architecture_De_Service/Softwares/apache-tomcat-7.0-for-BPEL.82/webapps/ode/WEB-INF/conf/schedules.xml] initialized
15:57:31,896 INFO  [WatchDog] [/Users/giannidamico/Documents/Cours/INSA/5ISS/Architecture_De_Service/Softwares/apache-tomcat-7.0-for-BPEL.82/webapps/ode/WEB-INF/conf/schedules.xml] initialized
15:58:01,927 INFO  [WatchDog] [/Users/giannidamico/Documents/Cours/INSA/5ISS/Architecture_De_Service/Softwares/apache-tomcat-7.0-for-BPEL.82/webapps/ode/WEB-INF/conf/schedules.xml] initialized
15:58:31,980 INFO  [WatchDog] [/Users/giannidamico/Documents/Cours/INSA/5ISS/Architecture_De_Service/Softwares/apache-tomcat-7.0-for-BPEL.82/webapps/ode/WEB-INF/conf/schedules.xml] initialized
15:59:02,007 INFO  [WatchDog] [/Users/giannidamico/Documents/Cours/INSA/5ISS/Architecture_De_Service/Softwares/apache-tomcat-7.0-for-BPEL.82/webapps/ode/WEB-INF/conf/schedules.xml] initialized
15:59:32,030 INFO  [WatchDog] [/Users/giannidamico/Documents/Cours/INSA/5ISS/Architecture_De_Service/Softwares/apache-tomcat-7.0-for-BPEL.82/webapps/ode/WEB-INF/conf/schedules.xml] initialized
16:00:02,067 INFO  [WatchDog] [/Users/giannidamico/Documents/Cours/INSA/5ISS/Architecture_De_Service/Softwares/apache-tomcat-7.0-for-BPEL.82/webapps/ode/WEB-INF/conf/schedules.xml] initialized
16:00:32,079 INFO  [WatchDog] [/Users/giannidamico/Documents/Cours/INSA/5ISS/Architecture_De_Service/Softwares/apache-tomcat-7.0-for-BPEL.82/webapps/ode/WEB-INF/conf/schedules.xml] initialized
16:01:02,106 INFO  [WatchDog] [/Users/giannidamico/Documents/Cours/INSA/5ISS/Architecture_De_Service/Softwares/apache-tomcat-7.0-for-BPEL.82/webapps/ode/WEB-INF/conf/schedules.xml] initialized
16:01:32,129 INFO  [WatchDog] [/Users/giannidamico/Documents/Cours/INSA/5ISS/Architecture_De_Service/Softwares/apache-tomcat-7.0-for-BPEL.82/webapps/ode/WEB-INF/conf/schedules.xml] initialized
16:02:02,152 INFO  [WatchDog] [/Users/giannidamico/Documents/Cours/INSA/5ISS/Architecture_De_Service/Softwares/apache-tomcat-7.0-for-BPEL.82/webapps/ode/WEB-INF/conf/schedules.xml] initialized
16:02:32,186 INFO  [WatchDog] [/Users/giannidamico/Documents/Cours/INSA/5ISS/Architecture_De_Service/Softwares/apache-tomcat-7.0-for-BPEL.82/webapps/ode/WEB-INF/conf/schedules.xml] initialized
16:03:02,213 INFO  [WatchDog] [/Users/giannidamico/Documents/Cours/INSA/5ISS/Architecture_De_Service/Softwares/apache-tomcat-7.0-for-BPEL.82/webapps/ode/WEB-INF/conf/schedules.xml] initialized
16:03:32,236 INFO  [WatchDog] [/Users/giannidamico/Documents/Cours/INSA/5ISS/Architecture_De_Service/Softwares/apache-tomcat-7.0-for-BPEL.82/webapps/ode/WEB-INF/conf/schedules.xml] initialized
16:04:02,251 INFO  [WatchDog] [/Users/giannidamico/Documents/Cours/INSA/5ISS/Architecture_De_Service/Softwares/apache-tomcat-7.0-for-BPEL.82/webapps/ode/WEB-INF/conf/schedules.xml] initialized
16:04:32,267 INFO  [WatchDog] [/Users/giannidamico/Documents/Cours/INSA/5ISS/Architecture_De_Service/Softwares/apache-tomcat-7.0-for-BPEL.82/webapps/ode/WEB-INF/conf/schedules.xml] initialized
16:05:02,283 INFO  [WatchDog] [/Users/giannidamico/Documents/Cours/INSA/5ISS/Architecture_De_Service/Softwares/apache-tomcat-7.0-for-BPEL.82/webapps/ode/WEB-INF/conf/schedules.xml] initialized
16:05:32,301 INFO  [WatchDog] [/Users/giannidamico/Documents/Cours/INSA/5ISS/Architecture_De_Service/Softwares/apache-tomcat-7.0-for-BPEL.82/webapps/ode/WEB-INF/conf/schedules.xml] initialized
16:06:02,331 INFO  [WatchDog] [/Users/giannidamico/Documents/Cours/INSA/5ISS/Architecture_De_Service/Softwares/apache-tomcat-7.0-for-BPEL.82/webapps/ode/WEB-INF/conf/schedules.xml] initialized
16:06:32,356 INFO  [WatchDog] [/Users/giannidamico/Documents/Cours/INSA/5ISS/Architecture_De_Service/Softwares/apache-tomcat-7.0-for-BPEL.82/webapps/ode/WEB-INF/conf/schedules.xml] initialized
16:07:02,381 INFO  [WatchDog] [/Users/giannidamico/Documents/Cours/INSA/5ISS/Architecture_De_Service/Softwares/apache-tomcat-7.0-for-BPEL.82/webapps/ode/WEB-INF/conf/schedules.xml] initialized
16:07:32,400 INFO  [WatchDog] [/Users/giannidamico/Documents/Cours/INSA/5ISS/Architecture_De_Service/Softwares/apache-tomcat-7.0-for-BPEL.82/webapps/ode/WEB-INF/conf/schedules.xml] initialized
16:08:02,420 INFO  [WatchDog] [/Users/giannidamico/Documents/Cours/INSA/5ISS/Architecture_De_Service/Softwares/apache-tomcat-7.0-for-BPEL.82/webapps/ode/WEB-INF/conf/schedules.xml] initialized
16:08:32,448 INFO  [WatchDog] [/Users/giannidamico/Documents/Cours/INSA/5ISS/Architecture_De_Service/Softwares/apache-tomcat-7.0-for-BPEL.82/webapps/ode/WEB-INF/conf/schedules.xml] initialized
16:09:02,469 INFO  [WatchDog] [/Users/giannidamico/Documents/Cours/INSA/5ISS/Architecture_De_Service/Softwares/apache-tomcat-7.0-for-BPEL.82/webapps/ode/WEB-INF/conf/schedules.xml] initialized
16:09:32,492 INFO  [WatchDog] [/Users/giannidamico/Documents/Cours/INSA/5ISS/Architecture_De_Service/Softwares/apache-tomcat-7.0-for-BPEL.82/webapps/ode/WEB-INF/conf/schedules.xml] initialized
16:10:02,505 INFO  [WatchDog] [/Users/giannidamico/Documents/Cours/INSA/5ISS/Architecture_De_Service/Softwares/apache-tomcat-7.0-for-BPEL.82/webapps/ode/WEB-INF/conf/schedules.xml] initialized
16:10:32,541 INFO  [WatchDog] [/Users/giannidamico/Documents/Cours/INSA/5ISS/Architecture_De_Service/Softwares/apache-tomcat-7.0-for-BPEL.82/webapps/ode/WEB-INF/conf/schedules.xml] initialized
16:11:02,556 INFO  [WatchDog] [/Users/giannidamico/Documents/Cours/INSA/5ISS/Architecture_De_Service/Softwares/apache-tomcat-7.0-for-BPEL.82/webapps/ode/WEB-INF/conf/schedules.xml] initialized
16:11:32,575 INFO  [WatchDog] [/Users/giannidamico/Documents/Cours/INSA/5ISS/Architecture_De_Service/Softwares/apache-tomcat-7.0-for-BPEL.82/webapps/ode/WEB-INF/conf/schedules.xml] initialized
16:12:02,605 INFO  [WatchDog] [/Users/giannidamico/Documents/Cours/INSA/5ISS/Architecture_De_Service/Softwares/apache-tomcat-7.0-for-BPEL.82/webapps/ode/WEB-INF/conf/schedules.xml] initialized
16:12:32,647 INFO  [WatchDog] [/Users/giannidamico/Documents/Cours/INSA/5ISS/Architecture_De_Service/Softwares/apache-tomcat-7.0-for-BPEL.82/webapps/ode/WEB-INF/conf/schedules.xml] initialized
16:13:02,688 INFO  [WatchDog] [/Users/giannidamico/Documents/Cours/INSA/5ISS/Architecture_De_Service/Softwares/apache-tomcat-7.0-for-BPEL.82/webapps/ode/WEB-INF/conf/schedules.xml] initialized
16:13:32,713 INFO  [WatchDog] [/Users/giannidamico/Documents/Cours/INSA/5ISS/Architecture_De_Service/Softwares/apache-tomcat-7.0-for-BPEL.82/webapps/ode/WEB-INF/conf/schedules.xml] initialized
16:14:02,745 INFO  [WatchDog] [/Users/giannidamico/Documents/Cours/INSA/5ISS/Architecture_De_Service/Softwares/apache-tomcat-7.0-for-BPEL.82/webapps/ode/WEB-INF/conf/schedules.xml] initialized
16:14:32,768 INFO  [WatchDog] [/Users/giannidamico/Documents/Cours/INSA/5ISS/Architecture_De_Service/Softwares/apache-tomcat-7.0-for-BPEL.82/webapps/ode/WEB-INF/conf/schedules.xml] initialized
16:15:02,787 INFO  [WatchDog] [/Users/giannidamico/Documents/Cours/INSA/5ISS/Architecture_De_Service/Softwares/apache-tomcat-7.0-for-BPEL.82/webapps/ode/WEB-INF/conf/schedules.xml] initialized
16:15:32,813 INFO  [WatchDog] [/Users/giannidamico/Documents/Cours/INSA/5ISS/Architecture_De_Service/Softwares/apache-tomcat-7.0-for-BPEL.82/webapps/ode/WEB-INF/conf/schedules.xml] initialized
16:16:02,837 INFO  [WatchDog] [/Users/giannidamico/Documents/Cours/INSA/5ISS/Architecture_De_Service/Softwares/apache-tomcat-7.0-for-BPEL.82/webapps/ode/WEB-INF/conf/schedules.xml] initialized
16:16:32,859 INFO  [WatchDog] [/Users/giannidamico/Documents/Cours/INSA/5ISS/Architecture_De_Service/Softwares/apache-tomcat-7.0-for-BPEL.82/webapps/ode/WEB-INF/conf/schedules.xml] initialized
16:17:02,884 INFO  [WatchDog] [/Users/giannidamico/Documents/Cours/INSA/5ISS/Architecture_De_Service/Softwares/apache-tomcat-7.0-for-BPEL.82/webapps/ode/WEB-INF/conf/schedules.xml] initialized
16:17:32,902 INFO  [WatchDog] [/Users/giannidamico/Documents/Cours/INSA/5ISS/Architecture_De_Service/Softwares/apache-tomcat-7.0-for-BPEL.82/webapps/ode/WEB-INF/conf/schedules.xml] initialized
16:18:02,918 INFO  [WatchDog] [/Users/giannidamico/Documents/Cours/INSA/5ISS/Architecture_De_Service/Softwares/apache-tomcat-7.0-for-BPEL.82/webapps/ode/WEB-INF/conf/schedules.xml] initialized
16:18:32,936 INFO  [WatchDog] [/Users/giannidamico/Documents/Cours/INSA/5ISS/Architecture_De_Service/Softwares/apache-tomcat-7.0-for-BPEL.82/webapps/ode/WEB-INF/conf/schedules.xml] initialized
16:19:02,959 INFO  [WatchDog] [/Users/giannidamico/Documents/Cours/INSA/5ISS/Architecture_De_Service/Softwares/apache-tomcat-7.0-for-BPEL.82/webapps/ode/WEB-INF/conf/schedules.xml] initialized
16:19:32,977 INFO  [WatchDog] [/Users/giannidamico/Documents/Cours/INSA/5ISS/Architecture_De_Service/Softwares/apache-tomcat-7.0-for-BPEL.82/webapps/ode/WEB-INF/conf/schedules.xml] initialized
16:20:02,994 INFO  [WatchDog] [/Users/giannidamico/Documents/Cours/INSA/5ISS/Architecture_De_Service/Softwares/apache-tomcat-7.0-for-BPEL.82/webapps/ode/WEB-INF/conf/schedules.xml] initialized
16:20:33,011 INFO  [WatchDog] [/Users/giannidamico/Documents/Cours/INSA/5ISS/Architecture_De_Service/Softwares/apache-tomcat-7.0-for-BPEL.82/webapps/ode/WEB-INF/conf/schedules.xml] initialized
16:21:03,032 INFO  [WatchDog] [/Users/giannidamico/Documents/Cours/INSA/5ISS/Architecture_De_Service/Softwares/apache-tomcat-7.0-for-BPEL.82/webapps/ode/WEB-INF/conf/schedules.xml] initialized
16:21:33,062 INFO  [WatchDog] [/Users/giannidamico/Documents/Cours/INSA/5ISS/Architecture_De_Service/Softwares/apache-tomcat-7.0-for-BPEL.82/webapps/ode/WEB-INF/conf/schedules.xml] initialized
16:22:03,089 INFO  [WatchDog] [/Users/giannidamico/Documents/Cours/INSA/5ISS/Architecture_De_Service/Softwares/apache-tomcat-7.0-for-BPEL.82/webapps/ode/WEB-INF/conf/schedules.xml] initialized
16:22:33,114 INFO  [WatchDog] [/Users/giannidamico/Documents/Cours/INSA/5ISS/Architecture_De_Service/Softwares/apache-tomcat-7.0-for-BPEL.82/webapps/ode/WEB-INF/conf/schedules.xml] initialized
16:23:03,132 INFO  [WatchDog] [/Users/giannidamico/Documents/Cours/INSA/5ISS/Architecture_De_Service/Softwares/apache-tomcat-7.0-for-BPEL.82/webapps/ode/WEB-INF/conf/schedules.xml] initialized
16:23:33,147 INFO  [WatchDog] [/Users/giannidamico/Documents/Cours/INSA/5ISS/Architecture_De_Service/Softwares/apache-tomcat-7.0-for-BPEL.82/webapps/ode/WEB-INF/conf/schedules.xml] initialized
16:24:03,172 INFO  [WatchDog] [/Users/giannidamico/Documents/Cours/INSA/5ISS/Architecture_De_Service/Softwares/apache-tomcat-7.0-for-BPEL.82/webapps/ode/WEB-INF/conf/schedules.xml] initialized
16:24:33,198 INFO  [WatchDog] [/Users/giannidamico/Documents/Cours/INSA/5ISS/Architecture_De_Service/Softwares/apache-tomcat-7.0-for-BPEL.82/webapps/ode/WEB-INF/conf/schedules.xml] initialized
16:25:03,222 INFO  [WatchDog] [/Users/giannidamico/Documents/Cours/INSA/5ISS/Architecture_De_Service/Softwares/apache-tomcat-7.0-for-BPEL.82/webapps/ode/WEB-INF/conf/schedules.xml] initialized
16:25:33,252 INFO  [WatchDog] [/Users/giannidamico/Documents/Cours/INSA/5ISS/Architecture_De_Service/Softwares/apache-tomcat-7.0-for-BPEL.82/webapps/ode/WEB-INF/conf/schedules.xml] initialized
16:26:03,275 INFO  [WatchDog] [/Users/giannidamico/Documents/Cours/INSA/5ISS/Architecture_De_Service/Softwares/apache-tomcat-7.0-for-BPEL.82/webapps/ode/WEB-INF/conf/schedules.xml] initialized
16:26:33,303 INFO  [WatchDog] [/Users/giannidamico/Documents/Cours/INSA/5ISS/Architecture_De_Service/Softwares/apache-tomcat-7.0-for-BPEL.82/webapps/ode/WEB-INF/conf/schedules.xml] initialized
16:27:03,333 INFO  [WatchDog] [/Users/giannidamico/Documents/Cours/INSA/5ISS/Architecture_De_Service/Softwares/apache-tomcat-7.0-for-BPEL.82/webapps/ode/WEB-INF/conf/schedules.xml] initialized
16:27:33,367 INFO  [WatchDog] [/Users/giannidamico/Documents/Cours/INSA/5ISS/Architecture_De_Service/Softwares/apache-tomcat-7.0-for-BPEL.82/webapps/ode/WEB-INF/conf/schedules.xml] initialized
16:28:03,394 INFO  [WatchDog] [/Users/giannidamico/Documents/Cours/INSA/5ISS/Architecture_De_Service/Softwares/apache-tomcat-7.0-for-BPEL.82/webapps/ode/WEB-INF/conf/schedules.xml] initialized
16:28:33,414 INFO  [WatchDog] [/Users/giannidamico/Documents/Cours/INSA/5ISS/Architecture_De_Service/Softwares/apache-tomcat-7.0-for-BPEL.82/webapps/ode/WEB-INF/conf/schedules.xml] initialized
16:29:03,430 INFO  [WatchDog] [/Users/giannidamico/Documents/Cours/INSA/5ISS/Architecture_De_Service/Softwares/apache-tomcat-7.0-for-BPEL.82/webapps/ode/WEB-INF/conf/schedules.xml] initialized
16:29:33,442 INFO  [WatchDog] [/Users/giannidamico/Documents/Cours/INSA/5ISS/Architecture_De_Service/Softwares/apache-tomcat-7.0-for-BPEL.82/webapps/ode/WEB-INF/conf/schedules.xml] initialized
16:30:03,462 INFO  [WatchDog] [/Users/giannidamico/Documents/Cours/INSA/5ISS/Architecture_De_Service/Softwares/apache-tomcat-7.0-for-BPEL.82/webapps/ode/WEB-INF/conf/schedules.xml] initialized
16:30:33,482 INFO  [WatchDog] [/Users/giannidamico/Documents/Cours/INSA/5ISS/Architecture_De_Service/Softwares/apache-tomcat-7.0-for-BPEL.82/webapps/ode/WEB-INF/conf/schedules.xml] initialized
16:31:03,513 INFO  [WatchDog] [/Users/giannidamico/Documents/Cours/INSA/5ISS/Architecture_De_Service/Softwares/apache-tomcat-7.0-for-BPEL.82/webapps/ode/WEB-INF/conf/schedules.xml] initialized
16:31:33,544 INFO  [WatchDog] [/Users/giannidamico/Documents/Cours/INSA/5ISS/Architecture_De_Service/Softwares/apache-tomcat-7.0-for-BPEL.82/webapps/ode/WEB-INF/conf/schedules.xml] initialized
16:32:03,589 INFO  [WatchDog] [/Users/giannidamico/Documents/Cours/INSA/5ISS/Architecture_De_Service/Softwares/apache-tomcat-7.0-for-BPEL.82/webapps/ode/WEB-INF/conf/schedules.xml] initialized
16:32:33,627 INFO  [WatchDog] [/Users/giannidamico/Documents/Cours/INSA/5ISS/Architecture_De_Service/Softwares/apache-tomcat-7.0-for-BPEL.82/webapps/ode/WEB-INF/conf/schedules.xml] initialized
16:33:03,670 INFO  [WatchDog] [/Users/giannidamico/Documents/Cours/INSA/5ISS/Architecture_De_Service/Softwares/apache-tomcat-7.0-for-BPEL.82/webapps/ode/WEB-INF/conf/schedules.xml] initialized
16:33:33,714 INFO  [WatchDog] [/Users/giannidamico/Documents/Cours/INSA/5ISS/Architecture_De_Service/Softwares/apache-tomcat-7.0-for-BPEL.82/webapps/ode/WEB-INF/conf/schedules.xml] initialized
16:34:03,751 INFO  [WatchDog] [/Users/giannidamico/Documents/Cours/INSA/5ISS/Architecture_De_Service/Softwares/apache-tomcat-7.0-for-BPEL.82/webapps/ode/WEB-INF/conf/schedules.xml] initialized
16:34:33,792 INFO  [WatchDog] [/Users/giannidamico/Documents/Cours/INSA/5ISS/Architecture_De_Service/Softwares/apache-tomcat-7.0-for-BPEL.82/webapps/ode/WEB-INF/conf/schedules.xml] initialized
16:35:03,834 INFO  [WatchDog] [/Users/giannidamico/Documents/Cours/INSA/5ISS/Architecture_De_Service/Softwares/apache-tomcat-7.0-for-BPEL.82/webapps/ode/WEB-INF/conf/schedules.xml] initialized
16:35:33,874 INFO  [WatchDog] [/Users/giannidamico/Documents/Cours/INSA/5ISS/Architecture_De_Service/Softwares/apache-tomcat-7.0-for-BPEL.82/webapps/ode/WEB-INF/conf/schedules.xml] initialized
16:36:03,915 INFO  [WatchDog] [/Users/giannidamico/Documents/Cours/INSA/5ISS/Architecture_De_Service/Softwares/apache-tomcat-7.0-for-BPEL.82/webapps/ode/WEB-INF/conf/schedules.xml] initialized
16:36:33,953 INFO  [WatchDog] [/Users/giannidamico/Documents/Cours/INSA/5ISS/Architecture_De_Service/Softwares/apache-tomcat-7.0-for-BPEL.82/webapps/ode/WEB-INF/conf/schedules.xml] initialized
16:37:03,985 INFO  [WatchDog] [/Users/giannidamico/Documents/Cours/INSA/5ISS/Architecture_De_Service/Softwares/apache-tomcat-7.0-for-BPEL.82/webapps/ode/WEB-INF/conf/schedules.xml] initialized
16:37:34,038 INFO  [WatchDog] [/Users/giannidamico/Documents/Cours/INSA/5ISS/Architecture_De_Service/Softwares/apache-tomcat-7.0-for-BPEL.82/webapps/ode/WEB-INF/conf/schedules.xml] initialized
16:38:04,085 INFO  [WatchDog] [/Users/giannidamico/Documents/Cours/INSA/5ISS/Architecture_De_Service/Softwares/apache-tomcat-7.0-for-BPEL.82/webapps/ode/WEB-INF/conf/schedules.xml] initialized
16:38:34,130 INFO  [WatchDog] [/Users/giannidamico/Documents/Cours/INSA/5ISS/Architecture_De_Service/Softwares/apache-tomcat-7.0-for-BPEL.82/webapps/ode/WEB-INF/conf/schedules.xml] initialized
16:39:04,165 INFO  [WatchDog] [/Users/giannidamico/Documents/Cours/INSA/5ISS/Architecture_De_Service/Softwares/apache-tomcat-7.0-for-BPEL.82/webapps/ode/WEB-INF/conf/schedules.xml] initialized
16:39:34,205 INFO  [WatchDog] [/Users/giannidamico/Documents/Cours/INSA/5ISS/Architecture_De_Service/Softwares/apache-tomcat-7.0-for-BPEL.82/webapps/ode/WEB-INF/conf/schedules.xml] initialized
16:40:04,250 INFO  [WatchDog] [/Users/giannidamico/Documents/Cours/INSA/5ISS/Architecture_De_Service/Softwares/apache-tomcat-7.0-for-BPEL.82/webapps/ode/WEB-INF/conf/schedules.xml] initialized
16:40:34,293 INFO  [WatchDog] [/Users/giannidamico/Documents/Cours/INSA/5ISS/Architecture_De_Service/Softwares/apache-tomcat-7.0-for-BPEL.82/webapps/ode/WEB-INF/conf/schedules.xml] initialized
16:41:04,349 INFO  [WatchDog] [/Users/giannidamico/Documents/Cours/INSA/5ISS/Architecture_De_Service/Softwares/apache-tomcat-7.0-for-BPEL.82/webapps/ode/WEB-INF/conf/schedules.xml] initialized
16:41:34,392 INFO  [WatchDog] [/Users/giannidamico/Documents/Cours/INSA/5ISS/Architecture_De_Service/Softwares/apache-tomcat-7.0-for-BPEL.82/webapps/ode/WEB-INF/conf/schedules.xml] initialized
16:42:04,441 INFO  [WatchDog] [/Users/giannidamico/Documents/Cours/INSA/5ISS/Architecture_De_Service/Softwares/apache-tomcat-7.0-for-BPEL.82/webapps/ode/WEB-INF/conf/schedules.xml] initialized
16:42:34,523 INFO  [WatchDog] [/Users/giannidamico/Documents/Cours/INSA/5ISS/Architecture_De_Service/Softwares/apache-tomcat-7.0-for-BPEL.82/webapps/ode/WEB-INF/conf/schedules.xml] initialized
16:43:04,600 INFO  [WatchDog] [/Users/giannidamico/Documents/Cours/INSA/5ISS/Architecture_De_Service/Softwares/apache-tomcat-7.0-for-BPEL.82/webapps/ode/WEB-INF/conf/schedules.xml] initialized
16:43:34,662 INFO  [WatchDog] [/Users/giannidamico/Documents/Cours/INSA/5ISS/Architecture_De_Service/Softwares/apache-tomcat-7.0-for-BPEL.82/webapps/ode/WEB-INF/conf/schedules.xml] initialized
16:44:04,728 INFO  [WatchDog] [/Users/giannidamico/Documents/Cours/INSA/5ISS/Architecture_De_Service/Softwares/apache-tomcat-7.0-for-BPEL.82/webapps/ode/WEB-INF/conf/schedules.xml] initialized
16:44:34,935 INFO  [WatchDog] [/Users/giannidamico/Documents/Cours/INSA/5ISS/Architecture_De_Service/Softwares/apache-tomcat-7.0-for-BPEL.82/webapps/ode/WEB-INF/conf/schedules.xml] initialized
16:45:05,005 INFO  [WatchDog] [/Users/giannidamico/Documents/Cours/INSA/5ISS/Architecture_De_Service/Softwares/apache-tomcat-7.0-for-BPEL.82/webapps/ode/WEB-INF/conf/schedules.xml] initialized
16:45:35,060 INFO  [WatchDog] [/Users/giannidamico/Documents/Cours/INSA/5ISS/Architecture_De_Service/Softwares/apache-tomcat-7.0-for-BPEL.82/webapps/ode/WEB-INF/conf/schedules.xml] initialized
16:46:05,120 INFO  [WatchDog] [/Users/giannidamico/Documents/Cours/INSA/5ISS/Architecture_De_Service/Softwares/apache-tomcat-7.0-for-BPEL.82/webapps/ode/WEB-INF/conf/schedules.xml] initialized
16:46:35,192 INFO  [WatchDog] [/Users/giannidamico/Documents/Cours/INSA/5ISS/Architecture_De_Service/Softwares/apache-tomcat-7.0-for-BPEL.82/webapps/ode/WEB-INF/conf/schedules.xml] initialized
16:47:05,274 INFO  [WatchDog] [/Users/giannidamico/Documents/Cours/INSA/5ISS/Architecture_De_Service/Softwares/apache-tomcat-7.0-for-BPEL.82/webapps/ode/WEB-INF/conf/schedules.xml] initialized
16:47:35,307 INFO  [WatchDog] [/Users/giannidamico/Documents/Cours/INSA/5ISS/Architecture_De_Service/Softwares/apache-tomcat-7.0-for-BPEL.82/webapps/ode/WEB-INF/conf/schedules.xml] initialized
16:48:05,335 INFO  [WatchDog] [/Users/giannidamico/Documents/Cours/INSA/5ISS/Architecture_De_Service/Softwares/apache-tomcat-7.0-for-BPEL.82/webapps/ode/WEB-INF/conf/schedules.xml] initialized
16:48:35,372 INFO  [WatchDog] [/Users/giannidamico/Documents/Cours/INSA/5ISS/Architecture_De_Service/Softwares/apache-tomcat-7.0-for-BPEL.82/webapps/ode/WEB-INF/conf/schedules.xml] initialized
16:49:05,444 INFO  [WatchDog] [/Users/giannidamico/Documents/Cours/INSA/5ISS/Architecture_De_Service/Softwares/apache-tomcat-7.0-for-BPEL.82/webapps/ode/WEB-INF/conf/schedules.xml] initialized
17:02:43,687 INFO  [WatchDog] [/Users/giannidamico/Documents/Cours/INSA/5ISS/Architecture_De_Service/Softwares/apache-tomcat-7.0-for-BPEL.82/webapps/ode/WEB-INF/conf/schedules.xml] initialized
17:03:13,868 INFO  [WatchDog] [/Users/giannidamico/Documents/Cours/INSA/5ISS/Architecture_De_Service/Softwares/apache-tomcat-7.0-for-BPEL.82/webapps/ode/WEB-INF/conf/schedules.xml] initialized
17:03:43,907 INFO  [WatchDog] [/Users/giannidamico/Documents/Cours/INSA/5ISS/Architecture_De_Service/Softwares/apache-tomcat-7.0-for-BPEL.82/webapps/ode/WEB-INF/conf/schedules.xml] initialized
17:04:13,947 INFO  [WatchDog] [/Users/giannidamico/Documents/Cours/INSA/5ISS/Architecture_De_Service/Softwares/apache-tomcat-7.0-for-BPEL.82/webapps/ode/WEB-INF/conf/schedules.xml] initialized
17:04:43,992 INFO  [WatchDog] [/Users/giannidamico/Documents/Cours/INSA/5ISS/Architecture_De_Service/Softwares/apache-tomcat-7.0-for-BPEL.82/webapps/ode/WEB-INF/conf/schedules.xml] initialized
17:05:14,029 INFO  [WatchDog] [/Users/giannidamico/Documents/Cours/INSA/5ISS/Architecture_De_Service/Softwares/apache-tomcat-7.0-for-BPEL.82/webapps/ode/WEB-INF/conf/schedules.xml] initialized
17:05:44,052 INFO  [WatchDog] [/Users/giannidamico/Documents/Cours/INSA/5ISS/Architecture_De_Service/Softwares/apache-tomcat-7.0-for-BPEL.82/webapps/ode/WEB-INF/conf/schedules.xml] initialized
17:06:14,083 INFO  [WatchDog] [/Users/giannidamico/Documents/Cours/INSA/5ISS/Architecture_De_Service/Softwares/apache-tomcat-7.0-for-BPEL.82/webapps/ode/WEB-INF/conf/schedules.xml] initialized
17:06:44,115 INFO  [WatchDog] [/Users/giannidamico/Documents/Cours/INSA/5ISS/Architecture_De_Service/Softwares/apache-tomcat-7.0-for-BPEL.82/webapps/ode/WEB-INF/conf/schedules.xml] initialized
17:07:14,137 INFO  [WatchDog] [/Users/giannidamico/Documents/Cours/INSA/5ISS/Architecture_De_Service/Softwares/apache-tomcat-7.0-for-BPEL.82/webapps/ode/WEB-INF/conf/schedules.xml] initialized
17:07:44,156 INFO  [WatchDog] [/Users/giannidamico/Documents/Cours/INSA/5ISS/Architecture_De_Service/Softwares/apache-tomcat-7.0-for-BPEL.82/webapps/ode/WEB-INF/conf/schedules.xml] initialized
17:08:14,188 INFO  [WatchDog] [/Users/giannidamico/Documents/Cours/INSA/5ISS/Architecture_De_Service/Softwares/apache-tomcat-7.0-for-BPEL.82/webapps/ode/WEB-INF/conf/schedules.xml] initialized
17:08:44,234 INFO  [WatchDog] [/Users/giannidamico/Documents/Cours/INSA/5ISS/Architecture_De_Service/Softwares/apache-tomcat-7.0-for-BPEL.82/webapps/ode/WEB-INF/conf/schedules.xml] initialized
17:09:14,294 INFO  [WatchDog] [/Users/giannidamico/Documents/Cours/INSA/5ISS/Architecture_De_Service/Softwares/apache-tomcat-7.0-for-BPEL.82/webapps/ode/WEB-INF/conf/schedules.xml] initialized
17:09:44,353 INFO  [WatchDog] [/Users/giannidamico/Documents/Cours/INSA/5ISS/Architecture_De_Service/Softwares/apache-tomcat-7.0-for-BPEL.82/webapps/ode/WEB-INF/conf/schedules.xml] initialized
17:10:14,374 INFO  [WatchDog] [/Users/giannidamico/Documents/Cours/INSA/5ISS/Architecture_De_Service/Softwares/apache-tomcat-7.0-for-BPEL.82/webapps/ode/WEB-INF/conf/schedules.xml] initialized
17:10:44,398 INFO  [WatchDog] [/Users/giannidamico/Documents/Cours/INSA/5ISS/Architecture_De_Service/Softwares/apache-tomcat-7.0-for-BPEL.82/webapps/ode/WEB-INF/conf/schedules.xml] initialized
17:11:14,438 INFO  [WatchDog] [/Users/giannidamico/Documents/Cours/INSA/5ISS/Architecture_De_Service/Softwares/apache-tomcat-7.0-for-BPEL.82/webapps/ode/WEB-INF/conf/schedules.xml] initialized
17:11:44,486 INFO  [WatchDog] [/Users/giannidamico/Documents/Cours/INSA/5ISS/Architecture_De_Service/Softwares/apache-tomcat-7.0-for-BPEL.82/webapps/ode/WEB-INF/conf/schedules.xml] initialized
17:12:14,532 INFO  [WatchDog] [/Users/giannidamico/Documents/Cours/INSA/5ISS/Architecture_De_Service/Softwares/apache-tomcat-7.0-for-BPEL.82/webapps/ode/WEB-INF/conf/schedules.xml] initialized
17:12:44,566 INFO  [WatchDog] [/Users/giannidamico/Documents/Cours/INSA/5ISS/Architecture_De_Service/Softwares/apache-tomcat-7.0-for-BPEL.82/webapps/ode/WEB-INF/conf/schedules.xml] initialized
17:13:14,585 INFO  [WatchDog] [/Users/giannidamico/Documents/Cours/INSA/5ISS/Architecture_De_Service/Softwares/apache-tomcat-7.0-for-BPEL.82/webapps/ode/WEB-INF/conf/schedules.xml] initialized
17:13:44,625 INFO  [WatchDog] [/Users/giannidamico/Documents/Cours/INSA/5ISS/Architecture_De_Service/Softwares/apache-tomcat-7.0-for-BPEL.82/webapps/ode/WEB-INF/conf/schedules.xml] initialized
17:14:14,660 INFO  [WatchDog] [/Users/giannidamico/Documents/Cours/INSA/5ISS/Architecture_De_Service/Softwares/apache-tomcat-7.0-for-BPEL.82/webapps/ode/WEB-INF/conf/schedules.xml] initialized
17:14:44,692 INFO  [WatchDog] [/Users/giannidamico/Documents/Cours/INSA/5ISS/Architecture_De_Service/Softwares/apache-tomcat-7.0-for-BPEL.82/webapps/ode/WEB-INF/conf/schedules.xml] initialized
17:15:14,727 INFO  [WatchDog] [/Users/giannidamico/Documents/Cours/INSA/5ISS/Architecture_De_Service/Softwares/apache-tomcat-7.0-for-BPEL.82/webapps/ode/WEB-INF/conf/schedules.xml] initialized
17:15:44,762 INFO  [WatchDog] [/Users/giannidamico/Documents/Cours/INSA/5ISS/Architecture_De_Service/Softwares/apache-tomcat-7.0-for-BPEL.82/webapps/ode/WEB-INF/conf/schedules.xml] initialized
17:16:14,797 INFO  [WatchDog] [/Users/giannidamico/Documents/Cours/INSA/5ISS/Architecture_De_Service/Softwares/apache-tomcat-7.0-for-BPEL.82/webapps/ode/WEB-INF/conf/schedules.xml] initialized
17:16:44,824 INFO  [WatchDog] [/Users/giannidamico/Documents/Cours/INSA/5ISS/Architecture_De_Service/Softwares/apache-tomcat-7.0-for-BPEL.82/webapps/ode/WEB-INF/conf/schedules.xml] initialized
17:17:14,848 INFO  [WatchDog] [/Users/giannidamico/Documents/Cours/INSA/5ISS/Architecture_De_Service/Softwares/apache-tomcat-7.0-for-BPEL.82/webapps/ode/WEB-INF/conf/schedules.xml] initialized
17:17:44,882 INFO  [WatchDog] [/Users/giannidamico/Documents/Cours/INSA/5ISS/Architecture_De_Service/Softwares/apache-tomcat-7.0-for-BPEL.82/webapps/ode/WEB-INF/conf/schedules.xml] initialized
17:18:14,954 INFO  [WatchDog] [/Users/giannidamico/Documents/Cours/INSA/5ISS/Architecture_De_Service/Softwares/apache-tomcat-7.0-for-BPEL.82/webapps/ode/WEB-INF/conf/schedules.xml] initialized
17:18:44,987 INFO  [WatchDog] [/Users/giannidamico/Documents/Cours/INSA/5ISS/Architecture_De_Service/Softwares/apache-tomcat-7.0-for-BPEL.82/webapps/ode/WEB-INF/conf/schedules.xml] initialized
17:19:15,021 INFO  [WatchDog] [/Users/giannidamico/Documents/Cours/INSA/5ISS/Architecture_De_Service/Softwares/apache-tomcat-7.0-for-BPEL.82/webapps/ode/WEB-INF/conf/schedules.xml] initialized
17:19:45,058 INFO  [WatchDog] [/Users/giannidamico/Documents/Cours/INSA/5ISS/Architecture_De_Service/Softwares/apache-tomcat-7.0-for-BPEL.82/webapps/ode/WEB-INF/conf/schedules.xml] initialized
17:20:15,086 INFO  [WatchDog] [/Users/giannidamico/Documents/Cours/INSA/5ISS/Architecture_De_Service/Softwares/apache-tomcat-7.0-for-BPEL.82/webapps/ode/WEB-INF/conf/schedules.xml] initialized
17:20:45,120 INFO  [WatchDog] [/Users/giannidamico/Documents/Cours/INSA/5ISS/Architecture_De_Service/Softwares/apache-tomcat-7.0-for-BPEL.82/webapps/ode/WEB-INF/conf/schedules.xml] initialized
17:21:15,160 INFO  [WatchDog] [/Users/giannidamico/Documents/Cours/INSA/5ISS/Architecture_De_Service/Softwares/apache-tomcat-7.0-for-BPEL.82/webapps/ode/WEB-INF/conf/schedules.xml] initialized
17:21:45,188 INFO  [WatchDog] [/Users/giannidamico/Documents/Cours/INSA/5ISS/Architecture_De_Service/Softwares/apache-tomcat-7.0-for-BPEL.82/webapps/ode/WEB-INF/conf/schedules.xml] initialized
17:22:15,228 INFO  [WatchDog] [/Users/giannidamico/Documents/Cours/INSA/5ISS/Architecture_De_Service/Softwares/apache-tomcat-7.0-for-BPEL.82/webapps/ode/WEB-INF/conf/schedules.xml] initialized
17:22:45,265 INFO  [WatchDog] [/Users/giannidamico/Documents/Cours/INSA/5ISS/Architecture_De_Service/Softwares/apache-tomcat-7.0-for-BPEL.82/webapps/ode/WEB-INF/conf/schedules.xml] initialized
17:23:15,294 INFO  [WatchDog] [/Users/giannidamico/Documents/Cours/INSA/5ISS/Architecture_De_Service/Softwares/apache-tomcat-7.0-for-BPEL.82/webapps/ode/WEB-INF/conf/schedules.xml] initialized
17:23:45,320 INFO  [WatchDog] [/Users/giannidamico/Documents/Cours/INSA/5ISS/Architecture_De_Service/Softwares/apache-tomcat-7.0-for-BPEL.82/webapps/ode/WEB-INF/conf/schedules.xml] initialized
17:24:15,359 INFO  [WatchDog] [/Users/giannidamico/Documents/Cours/INSA/5ISS/Architecture_De_Service/Softwares/apache-tomcat-7.0-for-BPEL.82/webapps/ode/WEB-INF/conf/schedules.xml] initialized
17:24:45,392 INFO  [WatchDog] [/Users/giannidamico/Documents/Cours/INSA/5ISS/Architecture_De_Service/Softwares/apache-tomcat-7.0-for-BPEL.82/webapps/ode/WEB-INF/conf/schedules.xml] initialized
17:25:15,425 INFO  [WatchDog] [/Users/giannidamico/Documents/Cours/INSA/5ISS/Architecture_De_Service/Softwares/apache-tomcat-7.0-for-BPEL.82/webapps/ode/WEB-INF/conf/schedules.xml] initialized
17:25:45,458 INFO  [WatchDog] [/Users/giannidamico/Documents/Cours/INSA/5ISS/Architecture_De_Service/Softwares/apache-tomcat-7.0-for-BPEL.82/webapps/ode/WEB-INF/conf/schedules.xml] initialized
17:26:15,502 INFO  [WatchDog] [/Users/giannidamico/Documents/Cours/INSA/5ISS/Architecture_De_Service/Softwares/apache-tomcat-7.0-for-BPEL.82/webapps/ode/WEB-INF/conf/schedules.xml] initialized
17:26:45,533 INFO  [WatchDog] [/Users/giannidamico/Documents/Cours/INSA/5ISS/Architecture_De_Service/Softwares/apache-tomcat-7.0-for-BPEL.82/webapps/ode/WEB-INF/conf/schedules.xml] initialized
17:27:15,558 INFO  [WatchDog] [/Users/giannidamico/Documents/Cours/INSA/5ISS/Architecture_De_Service/Softwares/apache-tomcat-7.0-for-BPEL.82/webapps/ode/WEB-INF/conf/schedules.xml] initialized
17:27:45,581 INFO  [WatchDog] [/Users/giannidamico/Documents/Cours/INSA/5ISS/Architecture_De_Service/Softwares/apache-tomcat-7.0-for-BPEL.82/webapps/ode/WEB-INF/conf/schedules.xml] initialized
17:28:15,610 INFO  [WatchDog] [/Users/giannidamico/Documents/Cours/INSA/5ISS/Architecture_De_Service/Softwares/apache-tomcat-7.0-for-BPEL.82/webapps/ode/WEB-INF/conf/schedules.xml] initialized
17:28:45,633 INFO  [WatchDog] [/Users/giannidamico/Documents/Cours/INSA/5ISS/Architecture_De_Service/Softwares/apache-tomcat-7.0-for-BPEL.82/webapps/ode/WEB-INF/conf/schedules.xml] initialized
17:29:15,661 INFO  [WatchDog] [/Users/giannidamico/Documents/Cours/INSA/5ISS/Architecture_De_Service/Softwares/apache-tomcat-7.0-for-BPEL.82/webapps/ode/WEB-INF/conf/schedules.xml] initialized
17:29:45,697 INFO  [WatchDog] [/Users/giannidamico/Documents/Cours/INSA/5ISS/Architecture_De_Service/Softwares/apache-tomcat-7.0-for-BPEL.82/webapps/ode/WEB-INF/conf/schedules.xml] initialized
17:30:15,731 INFO  [WatchDog] [/Users/giannidamico/Documents/Cours/INSA/5ISS/Architecture_De_Service/Softwares/apache-tomcat-7.0-for-BPEL.82/webapps/ode/WEB-INF/conf/schedules.xml] initialized
17:30:45,765 INFO  [WatchDog] [/Users/giannidamico/Documents/Cours/INSA/5ISS/Architecture_De_Service/Softwares/apache-tomcat-7.0-for-BPEL.82/webapps/ode/WEB-INF/conf/schedules.xml] initialized
17:31:15,808 INFO  [WatchDog] [/Users/giannidamico/Documents/Cours/INSA/5ISS/Architecture_De_Service/Softwares/apache-tomcat-7.0-for-BPEL.82/webapps/ode/WEB-INF/conf/schedules.xml] initialized
17:31:45,859 INFO  [WatchDog] [/Users/giannidamico/Documents/Cours/INSA/5ISS/Architecture_De_Service/Softwares/apache-tomcat-7.0-for-BPEL.82/webapps/ode/WEB-INF/conf/schedules.xml] initialized
17:32:15,899 INFO  [WatchDog] [/Users/giannidamico/Documents/Cours/INSA/5ISS/Architecture_De_Service/Softwares/apache-tomcat-7.0-for-BPEL.82/webapps/ode/WEB-INF/conf/schedules.xml] initialized
17:32:45,955 INFO  [WatchDog] [/Users/giannidamico/Documents/Cours/INSA/5ISS/Architecture_De_Service/Softwares/apache-tomcat-7.0-for-BPEL.82/webapps/ode/WEB-INF/conf/schedules.xml] initialized
17:33:16,018 INFO  [WatchDog] [/Users/giannidamico/Documents/Cours/INSA/5ISS/Architecture_De_Service/Softwares/apache-tomcat-7.0-for-BPEL.82/webapps/ode/WEB-INF/conf/schedules.xml] initialized
17:33:46,080 INFO  [WatchDog] [/Users/giannidamico/Documents/Cours/INSA/5ISS/Architecture_De_Service/Softwares/apache-tomcat-7.0-for-BPEL.82/webapps/ode/WEB-INF/conf/schedules.xml] initialized
17:34:16,154 INFO  [WatchDog] [/Users/giannidamico/Documents/Cours/INSA/5ISS/Architecture_De_Service/Softwares/apache-tomcat-7.0-for-BPEL.82/webapps/ode/WEB-INF/conf/schedules.xml] initialized
17:34:46,227 INFO  [WatchDog] [/Users/giannidamico/Documents/Cours/INSA/5ISS/Architecture_De_Service/Softwares/apache-tomcat-7.0-for-BPEL.82/webapps/ode/WEB-INF/conf/schedules.xml] initialized
17:35:16,255 INFO  [WatchDog] [/Users/giannidamico/Documents/Cours/INSA/5ISS/Architecture_De_Service/Softwares/apache-tomcat-7.0-for-BPEL.82/webapps/ode/WEB-INF/conf/schedules.xml] initialized
17:35:46,281 INFO  [WatchDog] [/Users/giannidamico/Documents/Cours/INSA/5ISS/Architecture_De_Service/Softwares/apache-tomcat-7.0-for-BPEL.82/webapps/ode/WEB-INF/conf/schedules.xml] initialized
17:36:16,306 INFO  [WatchDog] [/Users/giannidamico/Documents/Cours/INSA/5ISS/Architecture_De_Service/Softwares/apache-tomcat-7.0-for-BPEL.82/webapps/ode/WEB-INF/conf/schedules.xml] initialized
17:36:46,339 INFO  [WatchDog] [/Users/giannidamico/Documents/Cours/INSA/5ISS/Architecture_De_Service/Softwares/apache-tomcat-7.0-for-BPEL.82/webapps/ode/WEB-INF/conf/schedules.xml] initialized
17:37:16,359 INFO  [WatchDog] [/Users/giannidamico/Documents/Cours/INSA/5ISS/Architecture_De_Service/Softwares/apache-tomcat-7.0-for-BPEL.82/webapps/ode/WEB-INF/conf/schedules.xml] initialized
17:37:46,394 INFO  [WatchDog] [/Users/giannidamico/Documents/Cours/INSA/5ISS/Architecture_De_Service/Softwares/apache-tomcat-7.0-for-BPEL.82/webapps/ode/WEB-INF/conf/schedules.xml] initialized
17:38:16,429 INFO  [WatchDog] [/Users/giannidamico/Documents/Cours/INSA/5ISS/Architecture_De_Service/Softwares/apache-tomcat-7.0-for-BPEL.82/webapps/ode/WEB-INF/conf/schedules.xml] initialized
17:38:46,458 INFO  [WatchDog] [/Users/giannidamico/Documents/Cours/INSA/5ISS/Architecture_De_Service/Softwares/apache-tomcat-7.0-for-BPEL.82/webapps/ode/WEB-INF/conf/schedules.xml] initialized
17:39:16,486 INFO  [WatchDog] [/Users/giannidamico/Documents/Cours/INSA/5ISS/Architecture_De_Service/Softwares/apache-tomcat-7.0-for-BPEL.82/webapps/ode/WEB-INF/conf/schedules.xml] initialized
17:39:46,532 INFO  [WatchDog] [/Users/giannidamico/Documents/Cours/INSA/5ISS/Architecture_De_Service/Softwares/apache-tomcat-7.0-for-BPEL.82/webapps/ode/WEB-INF/conf/schedules.xml] initialized
17:40:16,561 INFO  [WatchDog] [/Users/giannidamico/Documents/Cours/INSA/5ISS/Architecture_De_Service/Softwares/apache-tomcat-7.0-for-BPEL.82/webapps/ode/WEB-INF/conf/schedules.xml] initialized
17:40:46,593 INFO  [WatchDog] [/Users/giannidamico/Documents/Cours/INSA/5ISS/Architecture_De_Service/Softwares/apache-tomcat-7.0-for-BPEL.82/webapps/ode/WEB-INF/conf/schedules.xml] initialized
17:41:16,623 INFO  [WatchDog] [/Users/giannidamico/Documents/Cours/INSA/5ISS/Architecture_De_Service/Softwares/apache-tomcat-7.0-for-BPEL.82/webapps/ode/WEB-INF/conf/schedules.xml] initialized
17:41:46,656 INFO  [WatchDog] [/Users/giannidamico/Documents/Cours/INSA/5ISS/Architecture_De_Service/Softwares/apache-tomcat-7.0-for-BPEL.82/webapps/ode/WEB-INF/conf/schedules.xml] initialized
17:42:16,681 INFO  [WatchDog] [/Users/giannidamico/Documents/Cours/INSA/5ISS/Architecture_De_Service/Softwares/apache-tomcat-7.0-for-BPEL.82/webapps/ode/WEB-INF/conf/schedules.xml] initialized
17:42:46,698 INFO  [WatchDog] [/Users/giannidamico/Documents/Cours/INSA/5ISS/Architecture_De_Service/Softwares/apache-tomcat-7.0-for-BPEL.82/webapps/ode/WEB-INF/conf/schedules.xml] initialized
17:43:16,724 INFO  [WatchDog] [/Users/giannidamico/Documents/Cours/INSA/5ISS/Architecture_De_Service/Softwares/apache-tomcat-7.0-for-BPEL.82/webapps/ode/WEB-INF/conf/schedules.xml] initialized
17:43:46,752 INFO  [WatchDog] [/Users/giannidamico/Documents/Cours/INSA/5ISS/Architecture_De_Service/Softwares/apache-tomcat-7.0-for-BPEL.82/webapps/ode/WEB-INF/conf/schedules.xml] initialized
17:44:16,775 INFO  [WatchDog] [/Users/giannidamico/Documents/Cours/INSA/5ISS/Architecture_De_Service/Softwares/apache-tomcat-7.0-for-BPEL.82/webapps/ode/WEB-INF/conf/schedules.xml] initialized
17:44:46,797 INFO  [WatchDog] [/Users/giannidamico/Documents/Cours/INSA/5ISS/Architecture_De_Service/Softwares/apache-tomcat-7.0-for-BPEL.82/webapps/ode/WEB-INF/conf/schedules.xml] initialized
17:45:16,836 INFO  [WatchDog] [/Users/giannidamico/Documents/Cours/INSA/5ISS/Architecture_De_Service/Softwares/apache-tomcat-7.0-for-BPEL.82/webapps/ode/WEB-INF/conf/schedules.xml] initialized
17:45:46,870 INFO  [WatchDog] [/Users/giannidamico/Documents/Cours/INSA/5ISS/Architecture_De_Service/Softwares/apache-tomcat-7.0-for-BPEL.82/webapps/ode/WEB-INF/conf/schedules.xml] initialized
17:46:16,903 INFO  [WatchDog] [/Users/giannidamico/Documents/Cours/INSA/5ISS/Architecture_De_Service/Softwares/apache-tomcat-7.0-for-BPEL.82/webapps/ode/WEB-INF/conf/schedules.xml] initialized
17:46:46,938 INFO  [WatchDog] [/Users/giannidamico/Documents/Cours/INSA/5ISS/Architecture_De_Service/Softwares/apache-tomcat-7.0-for-BPEL.82/webapps/ode/WEB-INF/conf/schedules.xml] initialized
17:47:16,977 INFO  [WatchDog] [/Users/giannidamico/Documents/Cours/INSA/5ISS/Architecture_De_Service/Softwares/apache-tomcat-7.0-for-BPEL.82/webapps/ode/WEB-INF/conf/schedules.xml] initialized
17:47:47,015 INFO  [WatchDog] [/Users/giannidamico/Documents/Cours/INSA/5ISS/Architecture_De_Service/Softwares/apache-tomcat-7.0-for-BPEL.82/webapps/ode/WEB-INF/conf/schedules.xml] initialized
17:48:17,057 INFO  [WatchDog] [/Users/giannidamico/Documents/Cours/INSA/5ISS/Architecture_De_Service/Softwares/apache-tomcat-7.0-for-BPEL.82/webapps/ode/WEB-INF/conf/schedules.xml] initialized
17:48:47,090 INFO  [WatchDog] [/Users/giannidamico/Documents/Cours/INSA/5ISS/Architecture_De_Service/Softwares/apache-tomcat-7.0-for-BPEL.82/webapps/ode/WEB-INF/conf/schedules.xml] initialized
17:49:17,120 INFO  [WatchDog] [/Users/giannidamico/Documents/Cours/INSA/5ISS/Architecture_De_Service/Softwares/apache-tomcat-7.0-for-BPEL.82/webapps/ode/WEB-INF/conf/schedules.xml] initialized
17:49:47,158 INFO  [WatchDog] [/Users/giannidamico/Documents/Cours/INSA/5ISS/Architecture_De_Service/Softwares/apache-tomcat-7.0-for-BPEL.82/webapps/ode/WEB-INF/conf/schedules.xml] initialized
17:50:17,196 INFO  [WatchDog] [/Users/giannidamico/Documents/Cours/INSA/5ISS/Architecture_De_Service/Softwares/apache-tomcat-7.0-for-BPEL.82/webapps/ode/WEB-INF/conf/schedules.xml] initialized
17:50:47,231 INFO  [WatchDog] [/Users/giannidamico/Documents/Cours/INSA/5ISS/Architecture_De_Service/Softwares/apache-tomcat-7.0-for-BPEL.82/webapps/ode/WEB-INF/conf/schedules.xml] initialized
17:51:17,263 INFO  [WatchDog] [/Users/giannidamico/Documents/Cours/INSA/5ISS/Architecture_De_Service/Softwares/apache-tomcat-7.0-for-BPEL.82/webapps/ode/WEB-INF/conf/schedules.xml] initialized
17:51:47,307 INFO  [WatchDog] [/Users/giannidamico/Documents/Cours/INSA/5ISS/Architecture_De_Service/Softwares/apache-tomcat-7.0-for-BPEL.82/webapps/ode/WEB-INF/conf/schedules.xml] initialized
17:52:17,344 INFO  [WatchDog] [/Users/giannidamico/Documents/Cours/INSA/5ISS/Architecture_De_Service/Softwares/apache-tomcat-7.0-for-BPEL.82/webapps/ode/WEB-INF/conf/schedules.xml] initialized
17:52:47,417 INFO  [WatchDog] [/Users/giannidamico/Documents/Cours/INSA/5ISS/Architecture_De_Service/Softwares/apache-tomcat-7.0-for-BPEL.82/webapps/ode/WEB-INF/conf/schedules.xml] initialized
17:53:17,445 INFO  [WatchDog] [/Users/giannidamico/Documents/Cours/INSA/5ISS/Architecture_De_Service/Softwares/apache-tomcat-7.0-for-BPEL.82/webapps/ode/WEB-INF/conf/schedules.xml] initialized
17:53:47,480 INFO  [WatchDog] [/Users/giannidamico/Documents/Cours/INSA/5ISS/Architecture_De_Service/Softwares/apache-tomcat-7.0-for-BPEL.82/webapps/ode/WEB-INF/conf/schedules.xml] initialized
17:54:17,523 INFO  [WatchDog] [/Users/giannidamico/Documents/Cours/INSA/5ISS/Architecture_De_Service/Softwares/apache-tomcat-7.0-for-BPEL.82/webapps/ode/WEB-INF/conf/schedules.xml] initialized
17:54:47,554 INFO  [WatchDog] [/Users/giannidamico/Documents/Cours/INSA/5ISS/Architecture_De_Service/Softwares/apache-tomcat-7.0-for-BPEL.82/webapps/ode/WEB-INF/conf/schedules.xml] initialized
17:55:17,581 INFO  [WatchDog] [/Users/giannidamico/Documents/Cours/INSA/5ISS/Architecture_De_Service/Softwares/apache-tomcat-7.0-for-BPEL.82/webapps/ode/WEB-INF/conf/schedules.xml] initialized
17:55:47,619 INFO  [WatchDog] [/Users/giannidamico/Documents/Cours/INSA/5ISS/Architecture_De_Service/Softwares/apache-tomcat-7.0-for-BPEL.82/webapps/ode/WEB-INF/conf/schedules.xml] initialized
17:56:17,652 INFO  [WatchDog] [/Users/giannidamico/Documents/Cours/INSA/5ISS/Architecture_De_Service/Softwares/apache-tomcat-7.0-for-BPEL.82/webapps/ode/WEB-INF/conf/schedules.xml] initialized
17:56:47,687 INFO  [WatchDog] [/Users/giannidamico/Documents/Cours/INSA/5ISS/Architecture_De_Service/Softwares/apache-tomcat-7.0-for-BPEL.82/webapps/ode/WEB-INF/conf/schedules.xml] initialized
17:57:17,727 INFO  [WatchDog] [/Users/giannidamico/Documents/Cours/INSA/5ISS/Architecture_De_Service/Softwares/apache-tomcat-7.0-for-BPEL.82/webapps/ode/WEB-INF/conf/schedules.xml] initialized
17:57:47,748 INFO  [WatchDog] [/Users/giannidamico/Documents/Cours/INSA/5ISS/Architecture_De_Service/Softwares/apache-tomcat-7.0-for-BPEL.82/webapps/ode/WEB-INF/conf/schedules.xml] initialized
17:58:17,782 INFO  [WatchDog] [/Users/giannidamico/Documents/Cours/INSA/5ISS/Architecture_De_Service/Softwares/apache-tomcat-7.0-for-BPEL.82/webapps/ode/WEB-INF/conf/schedules.xml] initialized
17:58:47,818 INFO  [WatchDog] [/Users/giannidamico/Documents/Cours/INSA/5ISS/Architecture_De_Service/Softwares/apache-tomcat-7.0-for-BPEL.82/webapps/ode/WEB-INF/conf/schedules.xml] initialized
17:59:17,851 INFO  [WatchDog] [/Users/giannidamico/Documents/Cours/INSA/5ISS/Architecture_De_Service/Softwares/apache-tomcat-7.0-for-BPEL.82/webapps/ode/WEB-INF/conf/schedules.xml] initialized
17:59:47,883 INFO  [WatchDog] [/Users/giannidamico/Documents/Cours/INSA/5ISS/Architecture_De_Service/Softwares/apache-tomcat-7.0-for-BPEL.82/webapps/ode/WEB-INF/conf/schedules.xml] initialized
18:00:17,909 INFO  [WatchDog] [/Users/giannidamico/Documents/Cours/INSA/5ISS/Architecture_De_Service/Softwares/apache-tomcat-7.0-for-BPEL.82/webapps/ode/WEB-INF/conf/schedules.xml] initialized
18:00:47,941 INFO  [WatchDog] [/Users/giannidamico/Documents/Cours/INSA/5ISS/Architecture_De_Service/Softwares/apache-tomcat-7.0-for-BPEL.82/webapps/ode/WEB-INF/conf/schedules.xml] initialized
18:01:17,971 INFO  [WatchDog] [/Users/giannidamico/Documents/Cours/INSA/5ISS/Architecture_De_Service/Softwares/apache-tomcat-7.0-for-BPEL.82/webapps/ode/WEB-INF/conf/schedules.xml] initialized
18:01:48,028 INFO  [WatchDog] [/Users/giannidamico/Documents/Cours/INSA/5ISS/Architecture_De_Service/Softwares/apache-tomcat-7.0-for-BPEL.82/webapps/ode/WEB-INF/conf/schedules.xml] initialized
18:02:18,079 INFO  [WatchDog] [/Users/giannidamico/Documents/Cours/INSA/5ISS/Architecture_De_Service/Softwares/apache-tomcat-7.0-for-BPEL.82/webapps/ode/WEB-INF/conf/schedules.xml] initialized
18:02:48,107 INFO  [WatchDog] [/Users/giannidamico/Documents/Cours/INSA/5ISS/Architecture_De_Service/Softwares/apache-tomcat-7.0-for-BPEL.82/webapps/ode/WEB-INF/conf/schedules.xml] initialized
18:03:18,151 INFO  [WatchDog] [/Users/giannidamico/Documents/Cours/INSA/5ISS/Architecture_De_Service/Softwares/apache-tomcat-7.0-for-BPEL.82/webapps/ode/WEB-INF/conf/schedules.xml] initialized
18:03:48,179 INFO  [WatchDog] [/Users/giannidamico/Documents/Cours/INSA/5ISS/Architecture_De_Service/Softwares/apache-tomcat-7.0-for-BPEL.82/webapps/ode/WEB-INF/conf/schedules.xml] initialized
18:04:18,220 INFO  [WatchDog] [/Users/giannidamico/Documents/Cours/INSA/5ISS/Architecture_De_Service/Softwares/apache-tomcat-7.0-for-BPEL.82/webapps/ode/WEB-INF/conf/schedules.xml] initialized
18:04:48,264 INFO  [WatchDog] [/Users/giannidamico/Documents/Cours/INSA/5ISS/Architecture_De_Service/Softwares/apache-tomcat-7.0-for-BPEL.82/webapps/ode/WEB-INF/conf/schedules.xml] initialized
18:05:18,295 INFO  [WatchDog] [/Users/giannidamico/Documents/Cours/INSA/5ISS/Architecture_De_Service/Softwares/apache-tomcat-7.0-for-BPEL.82/webapps/ode/WEB-INF/conf/schedules.xml] initialized
18:05:48,325 INFO  [WatchDog] [/Users/giannidamico/Documents/Cours/INSA/5ISS/Architecture_De_Service/Softwares/apache-tomcat-7.0-for-BPEL.82/webapps/ode/WEB-INF/conf/schedules.xml] initialized
18:06:18,362 INFO  [WatchDog] [/Users/giannidamico/Documents/Cours/INSA/5ISS/Architecture_De_Service/Softwares/apache-tomcat-7.0-for-BPEL.82/webapps/ode/WEB-INF/conf/schedules.xml] initialized
18:06:48,396 INFO  [WatchDog] [/Users/giannidamico/Documents/Cours/INSA/5ISS/Architecture_De_Service/Softwares/apache-tomcat-7.0-for-BPEL.82/webapps/ode/WEB-INF/conf/schedules.xml] initialized
18:07:18,432 INFO  [WatchDog] [/Users/giannidamico/Documents/Cours/INSA/5ISS/Architecture_De_Service/Softwares/apache-tomcat-7.0-for-BPEL.82/webapps/ode/WEB-INF/conf/schedules.xml] initialized
18:07:48,467 INFO  [WatchDog] [/Users/giannidamico/Documents/Cours/INSA/5ISS/Architecture_De_Service/Softwares/apache-tomcat-7.0-for-BPEL.82/webapps/ode/WEB-INF/conf/schedules.xml] initialized
18:08:19,527 INFO  [WatchDog] [/Users/giannidamico/Documents/Cours/INSA/5ISS/Architecture_De_Service/Softwares/apache-tomcat-7.0-for-BPEL.82/webapps/ode/WEB-INF/conf/schedules.xml] initialized
18:08:49,561 INFO  [WatchDog] [/Users/giannidamico/Documents/Cours/INSA/5ISS/Architecture_De_Service/Softwares/apache-tomcat-7.0-for-BPEL.82/webapps/ode/WEB-INF/conf/schedules.xml] initialized
18:09:19,589 INFO  [WatchDog] [/Users/giannidamico/Documents/Cours/INSA/5ISS/Architecture_De_Service/Softwares/apache-tomcat-7.0-for-BPEL.82/webapps/ode/WEB-INF/conf/schedules.xml] initialized
18:09:49,614 INFO  [WatchDog] [/Users/giannidamico/Documents/Cours/INSA/5ISS/Architecture_De_Service/Softwares/apache-tomcat-7.0-for-BPEL.82/webapps/ode/WEB-INF/conf/schedules.xml] initialized
18:10:19,651 INFO  [WatchDog] [/Users/giannidamico/Documents/Cours/INSA/5ISS/Architecture_De_Service/Softwares/apache-tomcat-7.0-for-BPEL.82/webapps/ode/WEB-INF/conf/schedules.xml] initialized
18:21:40,788 INFO  [WatchDog] [/Users/giannidamico/Documents/Cours/INSA/5ISS/Architecture_De_Service/Softwares/apache-tomcat-7.0-for-BPEL.82/webapps/ode/WEB-INF/conf/schedules.xml] initialized
18:22:10,854 INFO  [WatchDog] [/Users/giannidamico/Documents/Cours/INSA/5ISS/Architecture_De_Service/Softwares/apache-tomcat-7.0-for-BPEL.82/webapps/ode/WEB-INF/conf/schedules.xml] initialized
18:44:18,658 INFO  [WatchDog] [/Users/giannidamico/Documents/Cours/INSA/5ISS/Architecture_De_Service/Softwares/apache-tomcat-7.0-for-BPEL.82/webapps/ode/WEB-INF/conf/schedules.xml] initialized
18:44:48,711 INFO  [WatchDog] [/Users/giannidamico/Documents/Cours/INSA/5ISS/Architecture_De_Service/Softwares/apache-tomcat-7.0-for-BPEL.82/webapps/ode/WEB-INF/conf/schedules.xml] initialized
18:45:18,780 INFO  [WatchDog] [/Users/giannidamico/Documents/Cours/INSA/5ISS/Architecture_De_Service/Softwares/apache-tomcat-7.0-for-BPEL.82/webapps/ode/WEB-INF/conf/schedules.xml] initialized
18:53:34,485 INFO  [WatchDog] [/Users/giannidamico/Documents/Cours/INSA/5ISS/Architecture_De_Service/Softwares/apache-tomcat-7.0-for-BPEL.82/webapps/ode/WEB-INF/conf/schedules.xml] initialized
18:54:04,196 INFO  [BpelServerImpl] BPEL Server Stopped.
18:54:04,287 INFO  [ODEServer] Shutdown completed. 
